{"/Users/jholt/tm470/flight_finder/www/js/redo.js": {"path":"/Users/jholt/tm470/flight_finder/www/js/redo.js","all":false,"statementMap":{"0":{"start":{"line":1,"column":0},"end":{"line":1,"column":3}},"1":{"start":{"line":2,"column":0},"end":{"line":2,"column":89}},"2":{"start":{"line":3,"column":0},"end":{"line":3,"column":68}},"3":{"start":{"line":4,"column":0},"end":{"line":4,"column":3}},"4":{"start":{"line":5,"column":0},"end":{"line":5,"column":0}},"5":{"start":{"line":6,"column":0},"end":{"line":6,"column":0}},"6":{"start":{"line":7,"column":0},"end":{"line":7,"column":63}},"7":{"start":{"line":8,"column":0},"end":{"line":8,"column":68}},"8":{"start":{"line":9,"column":0},"end":{"line":9,"column":0}},"9":{"start":{"line":10,"column":0},"end":{"line":10,"column":26}},"10":{"start":{"line":11,"column":0},"end":{"line":11,"column":44}},"11":{"start":{"line":12,"column":0},"end":{"line":12,"column":0}},"12":{"start":{"line":13,"column":0},"end":{"line":13,"column":83}},"13":{"start":{"line":14,"column":0},"end":{"line":14,"column":4}},"14":{"start":{"line":15,"column":0},"end":{"line":15,"column":30}},"15":{"start":{"line":16,"column":0},"end":{"line":16,"column":36}},"16":{"start":{"line":17,"column":0},"end":{"line":17,"column":0}},"17":{"start":{"line":18,"column":0},"end":{"line":18,"column":33}},"18":{"start":{"line":19,"column":0},"end":{"line":19,"column":69}},"19":{"start":{"line":20,"column":0},"end":{"line":20,"column":0}},"20":{"start":{"line":21,"column":0},"end":{"line":21,"column":63}},"21":{"start":{"line":22,"column":0},"end":{"line":22,"column":63}},"22":{"start":{"line":23,"column":0},"end":{"line":23,"column":0}},"23":{"start":{"line":24,"column":0},"end":{"line":24,"column":46}},"24":{"start":{"line":25,"column":0},"end":{"line":25,"column":46}},"25":{"start":{"line":26,"column":0},"end":{"line":26,"column":17}},"26":{"start":{"line":27,"column":0},"end":{"line":27,"column":32}},"27":{"start":{"line":28,"column":0},"end":{"line":28,"column":9}},"28":{"start":{"line":29,"column":0},"end":{"line":29,"column":7}},"29":{"start":{"line":30,"column":0},"end":{"line":30,"column":0}},"30":{"start":{"line":31,"column":0},"end":{"line":31,"column":4}},"31":{"start":{"line":32,"column":0},"end":{"line":32,"column":47}},"32":{"start":{"line":33,"column":0},"end":{"line":33,"column":82}},"33":{"start":{"line":34,"column":0},"end":{"line":34,"column":82}},"34":{"start":{"line":35,"column":0},"end":{"line":35,"column":0}},"35":{"start":{"line":36,"column":0},"end":{"line":36,"column":1}},"36":{"start":{"line":37,"column":0},"end":{"line":37,"column":0}},"37":{"start":{"line":38,"column":0},"end":{"line":38,"column":25}},"38":{"start":{"line":39,"column":0},"end":{"line":39,"column":45}},"39":{"start":{"line":40,"column":0},"end":{"line":40,"column":0}},"40":{"start":{"line":41,"column":0},"end":{"line":41,"column":37}},"41":{"start":{"line":42,"column":0},"end":{"line":42,"column":0}},"42":{"start":{"line":43,"column":0},"end":{"line":43,"column":20}},"43":{"start":{"line":44,"column":0},"end":{"line":44,"column":54}},"44":{"start":{"line":45,"column":0},"end":{"line":45,"column":0}},"45":{"start":{"line":46,"column":0},"end":{"line":46,"column":53}},"46":{"start":{"line":47,"column":0},"end":{"line":47,"column":0}},"47":{"start":{"line":48,"column":0},"end":{"line":48,"column":0}},"48":{"start":{"line":49,"column":0},"end":{"line":49,"column":121}},"49":{"start":{"line":50,"column":0},"end":{"line":50,"column":44}},"50":{"start":{"line":51,"column":0},"end":{"line":51,"column":74}},"51":{"start":{"line":52,"column":0},"end":{"line":52,"column":25}},"52":{"start":{"line":53,"column":0},"end":{"line":53,"column":65}},"53":{"start":{"line":54,"column":0},"end":{"line":54,"column":51}},"54":{"start":{"line":55,"column":0},"end":{"line":55,"column":41}},"55":{"start":{"line":56,"column":0},"end":{"line":56,"column":59}},"56":{"start":{"line":57,"column":0},"end":{"line":57,"column":28}},"57":{"start":{"line":58,"column":0},"end":{"line":58,"column":55}},"58":{"start":{"line":59,"column":0},"end":{"line":59,"column":30}},"59":{"start":{"line":60,"column":0},"end":{"line":60,"column":72}},"60":{"start":{"line":61,"column":0},"end":{"line":61,"column":45}},"61":{"start":{"line":62,"column":0},"end":{"line":62,"column":64}},"62":{"start":{"line":63,"column":0},"end":{"line":63,"column":58}},"63":{"start":{"line":64,"column":0},"end":{"line":64,"column":78}},"64":{"start":{"line":65,"column":0},"end":{"line":65,"column":43}},"65":{"start":{"line":66,"column":0},"end":{"line":66,"column":44}},"66":{"start":{"line":67,"column":0},"end":{"line":67,"column":44}},"67":{"start":{"line":68,"column":0},"end":{"line":68,"column":81}},"68":{"start":{"line":69,"column":0},"end":{"line":69,"column":73}},"69":{"start":{"line":70,"column":0},"end":{"line":70,"column":69}},"70":{"start":{"line":71,"column":0},"end":{"line":71,"column":54}},"71":{"start":{"line":72,"column":0},"end":{"line":72,"column":61}},"72":{"start":{"line":73,"column":0},"end":{"line":73,"column":40}},"73":{"start":{"line":74,"column":0},"end":{"line":74,"column":90}},"74":{"start":{"line":75,"column":0},"end":{"line":75,"column":82}},"75":{"start":{"line":76,"column":0},"end":{"line":76,"column":93}},"76":{"start":{"line":77,"column":0},"end":{"line":77,"column":65}},"77":{"start":{"line":78,"column":0},"end":{"line":78,"column":79}},"78":{"start":{"line":79,"column":0},"end":{"line":79,"column":84}},"79":{"start":{"line":80,"column":0},"end":{"line":80,"column":90}},"80":{"start":{"line":81,"column":0},"end":{"line":81,"column":44}},"81":{"start":{"line":82,"column":0},"end":{"line":82,"column":23}},"82":{"start":{"line":83,"column":0},"end":{"line":83,"column":38}},"83":{"start":{"line":84,"column":0},"end":{"line":84,"column":17}},"84":{"start":{"line":85,"column":0},"end":{"line":85,"column":13}},"85":{"start":{"line":86,"column":0},"end":{"line":86,"column":11}},"86":{"start":{"line":87,"column":0},"end":{"line":87,"column":57}},"87":{"start":{"line":88,"column":0},"end":{"line":88,"column":53}},"88":{"start":{"line":89,"column":0},"end":{"line":89,"column":0}},"89":{"start":{"line":90,"column":0},"end":{"line":90,"column":75}},"90":{"start":{"line":91,"column":0},"end":{"line":91,"column":53}},"91":{"start":{"line":92,"column":0},"end":{"line":92,"column":34}},"92":{"start":{"line":93,"column":0},"end":{"line":93,"column":76}},"93":{"start":{"line":94,"column":0},"end":{"line":94,"column":31}},"94":{"start":{"line":95,"column":0},"end":{"line":95,"column":57}},"95":{"start":{"line":96,"column":0},"end":{"line":96,"column":29}},"96":{"start":{"line":97,"column":0},"end":{"line":97,"column":41}},"97":{"start":{"line":98,"column":0},"end":{"line":98,"column":81}},"98":{"start":{"line":99,"column":0},"end":{"line":99,"column":31}},"99":{"start":{"line":100,"column":0},"end":{"line":100,"column":57}},"100":{"start":{"line":101,"column":0},"end":{"line":101,"column":29}},"101":{"start":{"line":102,"column":0},"end":{"line":102,"column":41}},"102":{"start":{"line":103,"column":0},"end":{"line":103,"column":70}},"103":{"start":{"line":104,"column":0},"end":{"line":104,"column":35}},"104":{"start":{"line":105,"column":0},"end":{"line":105,"column":40}},"105":{"start":{"line":106,"column":0},"end":{"line":106,"column":64}},"106":{"start":{"line":107,"column":0},"end":{"line":107,"column":51}},"107":{"start":{"line":108,"column":0},"end":{"line":108,"column":17}},"108":{"start":{"line":109,"column":0},"end":{"line":109,"column":13}},"109":{"start":{"line":110,"column":0},"end":{"line":110,"column":11}},"110":{"start":{"line":111,"column":0},"end":{"line":111,"column":31}},"111":{"start":{"line":112,"column":0},"end":{"line":112,"column":57}},"112":{"start":{"line":113,"column":0},"end":{"line":113,"column":33}},"113":{"start":{"line":114,"column":0},"end":{"line":114,"column":64}},"114":{"start":{"line":115,"column":0},"end":{"line":115,"column":28}},"115":{"start":{"line":116,"column":0},"end":{"line":116,"column":59}},"116":{"start":{"line":117,"column":0},"end":{"line":117,"column":64}},"117":{"start":{"line":118,"column":0},"end":{"line":118,"column":46}},"118":{"start":{"line":119,"column":0},"end":{"line":119,"column":65}},"119":{"start":{"line":120,"column":0},"end":{"line":120,"column":9}},"120":{"start":{"line":121,"column":0},"end":{"line":121,"column":34}},"121":{"start":{"line":122,"column":0},"end":{"line":122,"column":93}},"122":{"start":{"line":123,"column":0},"end":{"line":123,"column":48}},"123":{"start":{"line":124,"column":0},"end":{"line":124,"column":61}},"124":{"start":{"line":125,"column":0},"end":{"line":125,"column":13}},"125":{"start":{"line":126,"column":0},"end":{"line":126,"column":9}},"126":{"start":{"line":127,"column":0},"end":{"line":127,"column":39}},"127":{"start":{"line":128,"column":0},"end":{"line":128,"column":85}},"128":{"start":{"line":129,"column":0},"end":{"line":129,"column":74}},"129":{"start":{"line":130,"column":0},"end":{"line":130,"column":48}},"130":{"start":{"line":131,"column":0},"end":{"line":131,"column":52}},"131":{"start":{"line":132,"column":0},"end":{"line":132,"column":54}},"132":{"start":{"line":133,"column":0},"end":{"line":133,"column":17}},"133":{"start":{"line":134,"column":0},"end":{"line":134,"column":13}},"134":{"start":{"line":135,"column":0},"end":{"line":135,"column":9}},"135":{"start":{"line":136,"column":0},"end":{"line":136,"column":65}},"136":{"start":{"line":137,"column":0},"end":{"line":137,"column":56}},"137":{"start":{"line":138,"column":0},"end":{"line":138,"column":36}},"138":{"start":{"line":139,"column":0},"end":{"line":139,"column":10}},"139":{"start":{"line":140,"column":0},"end":{"line":140,"column":5}},"140":{"start":{"line":141,"column":0},"end":{"line":141,"column":4}},"141":{"start":{"line":142,"column":0},"end":{"line":142,"column":52}},"142":{"start":{"line":143,"column":0},"end":{"line":143,"column":36}},"143":{"start":{"line":144,"column":0},"end":{"line":144,"column":71}},"144":{"start":{"line":145,"column":0},"end":{"line":145,"column":6}},"145":{"start":{"line":146,"column":0},"end":{"line":146,"column":0}},"146":{"start":{"line":147,"column":0},"end":{"line":147,"column":73}},"147":{"start":{"line":148,"column":0},"end":{"line":148,"column":46}},"148":{"start":{"line":149,"column":0},"end":{"line":149,"column":60}},"149":{"start":{"line":150,"column":0},"end":{"line":150,"column":23}},"150":{"start":{"line":151,"column":0},"end":{"line":151,"column":58}},"151":{"start":{"line":152,"column":0},"end":{"line":152,"column":9}},"152":{"start":{"line":153,"column":0},"end":{"line":153,"column":5}},"153":{"start":{"line":154,"column":0},"end":{"line":154,"column":0}},"154":{"start":{"line":155,"column":0},"end":{"line":155,"column":65}},"155":{"start":{"line":156,"column":0},"end":{"line":156,"column":32}},"156":{"start":{"line":157,"column":0},"end":{"line":157,"column":39}},"157":{"start":{"line":158,"column":0},"end":{"line":158,"column":39}},"158":{"start":{"line":159,"column":0},"end":{"line":159,"column":60}},"159":{"start":{"line":160,"column":0},"end":{"line":160,"column":67}},"160":{"start":{"line":161,"column":0},"end":{"line":161,"column":79}},"161":{"start":{"line":162,"column":0},"end":{"line":162,"column":83}},"162":{"start":{"line":163,"column":0},"end":{"line":163,"column":77}},"163":{"start":{"line":164,"column":0},"end":{"line":164,"column":114}},"164":{"start":{"line":165,"column":0},"end":{"line":165,"column":94}},"165":{"start":{"line":166,"column":0},"end":{"line":166,"column":17}},"166":{"start":{"line":167,"column":0},"end":{"line":167,"column":37}},"167":{"start":{"line":168,"column":0},"end":{"line":168,"column":51}},"168":{"start":{"line":169,"column":0},"end":{"line":169,"column":37}},"169":{"start":{"line":170,"column":0},"end":{"line":170,"column":51}},"170":{"start":{"line":171,"column":0},"end":{"line":171,"column":0}},"171":{"start":{"line":172,"column":0},"end":{"line":172,"column":51}},"172":{"start":{"line":173,"column":0},"end":{"line":173,"column":80}},"173":{"start":{"line":174,"column":0},"end":{"line":174,"column":43}},"174":{"start":{"line":175,"column":0},"end":{"line":175,"column":77}},"175":{"start":{"line":176,"column":0},"end":{"line":176,"column":115}},"176":{"start":{"line":177,"column":0},"end":{"line":177,"column":96}},"177":{"start":{"line":178,"column":0},"end":{"line":178,"column":17}},"178":{"start":{"line":179,"column":0},"end":{"line":179,"column":0}},"179":{"start":{"line":180,"column":0},"end":{"line":180,"column":54}},"180":{"start":{"line":181,"column":0},"end":{"line":181,"column":47}},"181":{"start":{"line":182,"column":0},"end":{"line":182,"column":0}},"182":{"start":{"line":183,"column":0},"end":{"line":183,"column":54}},"183":{"start":{"line":184,"column":0},"end":{"line":184,"column":77}},"184":{"start":{"line":185,"column":0},"end":{"line":185,"column":54}},"185":{"start":{"line":186,"column":0},"end":{"line":186,"column":66}},"186":{"start":{"line":187,"column":0},"end":{"line":187,"column":13}},"187":{"start":{"line":188,"column":0},"end":{"line":188,"column":9}},"188":{"start":{"line":189,"column":0},"end":{"line":189,"column":0}},"189":{"start":{"line":190,"column":0},"end":{"line":190,"column":29}},"190":{"start":{"line":191,"column":0},"end":{"line":191,"column":37}},"191":{"start":{"line":192,"column":0},"end":{"line":192,"column":39}},"192":{"start":{"line":193,"column":0},"end":{"line":193,"column":60}},"193":{"start":{"line":194,"column":0},"end":{"line":194,"column":61}},"194":{"start":{"line":195,"column":0},"end":{"line":195,"column":52}},"195":{"start":{"line":196,"column":0},"end":{"line":196,"column":97}},"196":{"start":{"line":197,"column":0},"end":{"line":197,"column":50}},"197":{"start":{"line":198,"column":0},"end":{"line":198,"column":58}},"198":{"start":{"line":199,"column":0},"end":{"line":199,"column":51}},"199":{"start":{"line":200,"column":0},"end":{"line":200,"column":41}},"200":{"start":{"line":201,"column":0},"end":{"line":201,"column":53}},"201":{"start":{"line":202,"column":0},"end":{"line":202,"column":41}},"202":{"start":{"line":203,"column":0},"end":{"line":203,"column":55}},"203":{"start":{"line":204,"column":0},"end":{"line":204,"column":58}},"204":{"start":{"line":205,"column":0},"end":{"line":205,"column":68}},"205":{"start":{"line":206,"column":0},"end":{"line":206,"column":58}},"206":{"start":{"line":207,"column":0},"end":{"line":207,"column":70}},"207":{"start":{"line":208,"column":0},"end":{"line":208,"column":17}},"208":{"start":{"line":209,"column":0},"end":{"line":209,"column":13}},"209":{"start":{"line":210,"column":0},"end":{"line":210,"column":9}},"210":{"start":{"line":211,"column":0},"end":{"line":211,"column":0}},"211":{"start":{"line":212,"column":0},"end":{"line":212,"column":31}},"212":{"start":{"line":213,"column":0},"end":{"line":213,"column":40}},"213":{"start":{"line":214,"column":0},"end":{"line":214,"column":39}},"214":{"start":{"line":215,"column":0},"end":{"line":215,"column":60}},"215":{"start":{"line":216,"column":0},"end":{"line":216,"column":85}},"216":{"start":{"line":217,"column":0},"end":{"line":217,"column":54}},"217":{"start":{"line":218,"column":0},"end":{"line":218,"column":47}},"218":{"start":{"line":219,"column":0},"end":{"line":219,"column":37}},"219":{"start":{"line":220,"column":0},"end":{"line":220,"column":51}},"220":{"start":{"line":221,"column":0},"end":{"line":221,"column":37}},"221":{"start":{"line":222,"column":0},"end":{"line":222,"column":51}},"222":{"start":{"line":223,"column":0},"end":{"line":223,"column":54}},"223":{"start":{"line":224,"column":0},"end":{"line":224,"column":64}},"224":{"start":{"line":225,"column":0},"end":{"line":225,"column":54}},"225":{"start":{"line":226,"column":0},"end":{"line":226,"column":66}},"226":{"start":{"line":227,"column":0},"end":{"line":227,"column":13}},"227":{"start":{"line":228,"column":0},"end":{"line":228,"column":9}},"228":{"start":{"line":229,"column":0},"end":{"line":229,"column":0}},"229":{"start":{"line":230,"column":0},"end":{"line":230,"column":31}},"230":{"start":{"line":231,"column":0},"end":{"line":231,"column":39}},"231":{"start":{"line":232,"column":0},"end":{"line":232,"column":39}},"232":{"start":{"line":233,"column":0},"end":{"line":233,"column":60}},"233":{"start":{"line":234,"column":0},"end":{"line":234,"column":84}},"234":{"start":{"line":235,"column":0},"end":{"line":235,"column":54}},"235":{"start":{"line":236,"column":0},"end":{"line":236,"column":47}},"236":{"start":{"line":237,"column":0},"end":{"line":237,"column":37}},"237":{"start":{"line":238,"column":0},"end":{"line":238,"column":49}},"238":{"start":{"line":239,"column":0},"end":{"line":239,"column":37}},"239":{"start":{"line":240,"column":0},"end":{"line":240,"column":51}},"240":{"start":{"line":241,"column":0},"end":{"line":241,"column":54}},"241":{"start":{"line":242,"column":0},"end":{"line":242,"column":64}},"242":{"start":{"line":243,"column":0},"end":{"line":243,"column":54}},"243":{"start":{"line":244,"column":0},"end":{"line":244,"column":64}},"244":{"start":{"line":245,"column":0},"end":{"line":245,"column":13}},"245":{"start":{"line":246,"column":0},"end":{"line":246,"column":9}},"246":{"start":{"line":247,"column":0},"end":{"line":247,"column":0}},"247":{"start":{"line":248,"column":0},"end":{"line":248,"column":34}},"248":{"start":{"line":249,"column":0},"end":{"line":249,"column":42}},"249":{"start":{"line":250,"column":0},"end":{"line":250,"column":39}},"250":{"start":{"line":251,"column":0},"end":{"line":251,"column":60}},"251":{"start":{"line":252,"column":0},"end":{"line":252,"column":87}},"252":{"start":{"line":253,"column":0},"end":{"line":253,"column":54}},"253":{"start":{"line":254,"column":0},"end":{"line":254,"column":47}},"254":{"start":{"line":255,"column":0},"end":{"line":255,"column":37}},"255":{"start":{"line":256,"column":0},"end":{"line":256,"column":51}},"256":{"start":{"line":257,"column":0},"end":{"line":257,"column":37}},"257":{"start":{"line":258,"column":0},"end":{"line":258,"column":51}},"258":{"start":{"line":259,"column":0},"end":{"line":259,"column":54}},"259":{"start":{"line":260,"column":0},"end":{"line":260,"column":64}},"260":{"start":{"line":261,"column":0},"end":{"line":261,"column":54}},"261":{"start":{"line":262,"column":0},"end":{"line":262,"column":49}},"262":{"start":{"line":263,"column":0},"end":{"line":263,"column":13}},"263":{"start":{"line":264,"column":0},"end":{"line":264,"column":9}},"264":{"start":{"line":265,"column":0},"end":{"line":265,"column":0}},"265":{"start":{"line":266,"column":0},"end":{"line":266,"column":0}},"266":{"start":{"line":267,"column":0},"end":{"line":267,"column":34}},"267":{"start":{"line":268,"column":0},"end":{"line":268,"column":135}},"268":{"start":{"line":269,"column":0},"end":{"line":269,"column":108}},"269":{"start":{"line":270,"column":0},"end":{"line":270,"column":31}},"270":{"start":{"line":271,"column":0},"end":{"line":271,"column":133}},"271":{"start":{"line":272,"column":0},"end":{"line":272,"column":107}},"272":{"start":{"line":273,"column":0},"end":{"line":273,"column":34}},"273":{"start":{"line":274,"column":0},"end":{"line":274,"column":139}},"274":{"start":{"line":275,"column":0},"end":{"line":275,"column":113}},"275":{"start":{"line":276,"column":0},"end":{"line":276,"column":33}},"276":{"start":{"line":277,"column":0},"end":{"line":277,"column":137}},"277":{"start":{"line":278,"column":0},"end":{"line":278,"column":111}},"278":{"start":{"line":279,"column":0},"end":{"line":279,"column":36}},"279":{"start":{"line":280,"column":0},"end":{"line":280,"column":143}},"280":{"start":{"line":281,"column":0},"end":{"line":281,"column":117}},"281":{"start":{"line":282,"column":0},"end":{"line":282,"column":0}},"282":{"start":{"line":283,"column":0},"end":{"line":283,"column":95}},"283":{"start":{"line":284,"column":0},"end":{"line":284,"column":40}},"284":{"start":{"line":285,"column":0},"end":{"line":285,"column":43}},"285":{"start":{"line":286,"column":0},"end":{"line":286,"column":64}},"286":{"start":{"line":287,"column":0},"end":{"line":287,"column":30}},"287":{"start":{"line":288,"column":0},"end":{"line":288,"column":51}},"288":{"start":{"line":289,"column":0},"end":{"line":289,"column":5}},"289":{"start":{"line":290,"column":0},"end":{"line":290,"column":0}},"290":{"start":{"line":291,"column":0},"end":{"line":291,"column":35}},"291":{"start":{"line":292,"column":0},"end":{"line":292,"column":64}},"292":{"start":{"line":293,"column":0},"end":{"line":293,"column":68}},"293":{"start":{"line":294,"column":0},"end":{"line":294,"column":0}},"294":{"start":{"line":295,"column":0},"end":{"line":295,"column":38}},"295":{"start":{"line":296,"column":0},"end":{"line":296,"column":39}},"296":{"start":{"line":297,"column":0},"end":{"line":297,"column":36}},"297":{"start":{"line":298,"column":0},"end":{"line":298,"column":16}},"298":{"start":{"line":299,"column":0},"end":{"line":299,"column":38}},"299":{"start":{"line":300,"column":0},"end":{"line":300,"column":38}},"300":{"start":{"line":301,"column":0},"end":{"line":301,"column":9}},"301":{"start":{"line":302,"column":0},"end":{"line":302,"column":0}},"302":{"start":{"line":303,"column":0},"end":{"line":303,"column":19}},"303":{"start":{"line":304,"column":0},"end":{"line":304,"column":5}},"304":{"start":{"line":305,"column":0},"end":{"line":305,"column":0}},"305":{"start":{"line":306,"column":0},"end":{"line":306,"column":34}},"306":{"start":{"line":307,"column":0},"end":{"line":307,"column":67}},"307":{"start":{"line":308,"column":0},"end":{"line":308,"column":22}},"308":{"start":{"line":309,"column":0},"end":{"line":309,"column":8}},"309":{"start":{"line":310,"column":0},"end":{"line":310,"column":52}},"310":{"start":{"line":311,"column":0},"end":{"line":311,"column":56}},"311":{"start":{"line":312,"column":0},"end":{"line":312,"column":40}},"312":{"start":{"line":313,"column":0},"end":{"line":313,"column":40}},"313":{"start":{"line":314,"column":0},"end":{"line":314,"column":38}},"314":{"start":{"line":315,"column":0},"end":{"line":315,"column":40}},"315":{"start":{"line":316,"column":0},"end":{"line":316,"column":0}},"316":{"start":{"line":317,"column":0},"end":{"line":317,"column":51}},"317":{"start":{"line":318,"column":0},"end":{"line":318,"column":56}},"318":{"start":{"line":319,"column":0},"end":{"line":319,"column":51}},"319":{"start":{"line":320,"column":0},"end":{"line":320,"column":43}},"320":{"start":{"line":321,"column":0},"end":{"line":321,"column":0}},"321":{"start":{"line":322,"column":0},"end":{"line":322,"column":45}},"322":{"start":{"line":323,"column":0},"end":{"line":323,"column":55}},"323":{"start":{"line":324,"column":0},"end":{"line":324,"column":33}},"324":{"start":{"line":325,"column":0},"end":{"line":325,"column":40}},"325":{"start":{"line":326,"column":0},"end":{"line":326,"column":28}},"326":{"start":{"line":327,"column":0},"end":{"line":327,"column":0}},"327":{"start":{"line":328,"column":0},"end":{"line":328,"column":68}},"328":{"start":{"line":329,"column":0},"end":{"line":329,"column":62}},"329":{"start":{"line":330,"column":0},"end":{"line":330,"column":33}},"330":{"start":{"line":331,"column":0},"end":{"line":331,"column":0}},"331":{"start":{"line":332,"column":0},"end":{"line":332,"column":34}},"332":{"start":{"line":333,"column":0},"end":{"line":333,"column":34}},"333":{"start":{"line":334,"column":0},"end":{"line":334,"column":42}},"334":{"start":{"line":335,"column":0},"end":{"line":335,"column":9}},"335":{"start":{"line":336,"column":0},"end":{"line":336,"column":0}},"336":{"start":{"line":337,"column":0},"end":{"line":337,"column":52}},"337":{"start":{"line":338,"column":0},"end":{"line":338,"column":39}},"338":{"start":{"line":339,"column":0},"end":{"line":339,"column":45}},"339":{"start":{"line":340,"column":0},"end":{"line":340,"column":9}},"340":{"start":{"line":341,"column":0},"end":{"line":341,"column":0}},"341":{"start":{"line":342,"column":0},"end":{"line":342,"column":60}},"342":{"start":{"line":343,"column":0},"end":{"line":343,"column":42}},"343":{"start":{"line":344,"column":0},"end":{"line":344,"column":44}},"344":{"start":{"line":345,"column":0},"end":{"line":345,"column":45}},"345":{"start":{"line":346,"column":0},"end":{"line":346,"column":13}},"346":{"start":{"line":347,"column":0},"end":{"line":347,"column":9}},"347":{"start":{"line":348,"column":0},"end":{"line":348,"column":0}},"348":{"start":{"line":349,"column":0},"end":{"line":349,"column":55}},"349":{"start":{"line":350,"column":0},"end":{"line":350,"column":45}},"350":{"start":{"line":351,"column":0},"end":{"line":351,"column":8}},"351":{"start":{"line":352,"column":0},"end":{"line":352,"column":25}},"352":{"start":{"line":353,"column":0},"end":{"line":353,"column":5}},"353":{"start":{"line":354,"column":0},"end":{"line":354,"column":0}},"354":{"start":{"line":355,"column":0},"end":{"line":355,"column":42}},"355":{"start":{"line":356,"column":0},"end":{"line":356,"column":52}},"356":{"start":{"line":357,"column":0},"end":{"line":357,"column":47}},"357":{"start":{"line":358,"column":0},"end":{"line":358,"column":49}},"358":{"start":{"line":359,"column":0},"end":{"line":359,"column":44}},"359":{"start":{"line":360,"column":0},"end":{"line":360,"column":9}},"360":{"start":{"line":361,"column":0},"end":{"line":361,"column":0}},"361":{"start":{"line":362,"column":0},"end":{"line":362,"column":54}},"362":{"start":{"line":363,"column":0},"end":{"line":363,"column":55}},"363":{"start":{"line":364,"column":0},"end":{"line":364,"column":38}},"364":{"start":{"line":365,"column":0},"end":{"line":365,"column":45}},"365":{"start":{"line":366,"column":0},"end":{"line":366,"column":8}},"366":{"start":{"line":367,"column":0},"end":{"line":367,"column":34}},"367":{"start":{"line":368,"column":0},"end":{"line":368,"column":42}},"368":{"start":{"line":369,"column":0},"end":{"line":369,"column":33}},"369":{"start":{"line":370,"column":0},"end":{"line":370,"column":60}},"370":{"start":{"line":371,"column":0},"end":{"line":371,"column":41}},"371":{"start":{"line":372,"column":0},"end":{"line":372,"column":46}},"372":{"start":{"line":373,"column":0},"end":{"line":373,"column":44}},"373":{"start":{"line":374,"column":0},"end":{"line":374,"column":51}},"374":{"start":{"line":375,"column":0},"end":{"line":375,"column":0}},"375":{"start":{"line":376,"column":0},"end":{"line":376,"column":58}},"376":{"start":{"line":377,"column":0},"end":{"line":377,"column":33}},"377":{"start":{"line":378,"column":0},"end":{"line":378,"column":53}},"378":{"start":{"line":379,"column":0},"end":{"line":379,"column":39}},"379":{"start":{"line":380,"column":0},"end":{"line":380,"column":54}},"380":{"start":{"line":381,"column":0},"end":{"line":381,"column":13}},"381":{"start":{"line":382,"column":0},"end":{"line":382,"column":9}},"382":{"start":{"line":383,"column":0},"end":{"line":383,"column":37}},"383":{"start":{"line":384,"column":0},"end":{"line":384,"column":8}},"384":{"start":{"line":385,"column":0},"end":{"line":385,"column":33}},"385":{"start":{"line":386,"column":0},"end":{"line":386,"column":33}},"386":{"start":{"line":387,"column":0},"end":{"line":387,"column":57}},"387":{"start":{"line":388,"column":0},"end":{"line":388,"column":41}},"388":{"start":{"line":389,"column":0},"end":{"line":389,"column":46}},"389":{"start":{"line":390,"column":0},"end":{"line":390,"column":37}},"390":{"start":{"line":391,"column":0},"end":{"line":391,"column":62}},"391":{"start":{"line":392,"column":0},"end":{"line":392,"column":48}},"392":{"start":{"line":393,"column":0},"end":{"line":393,"column":64}},"393":{"start":{"line":394,"column":0},"end":{"line":394,"column":52}},"394":{"start":{"line":395,"column":0},"end":{"line":395,"column":62}},"395":{"start":{"line":396,"column":0},"end":{"line":396,"column":37}},"396":{"start":{"line":397,"column":0},"end":{"line":397,"column":55}},"397":{"start":{"line":398,"column":0},"end":{"line":398,"column":43}},"398":{"start":{"line":399,"column":0},"end":{"line":399,"column":56}},"399":{"start":{"line":400,"column":0},"end":{"line":400,"column":17}},"400":{"start":{"line":401,"column":0},"end":{"line":401,"column":46}},"401":{"start":{"line":402,"column":0},"end":{"line":402,"column":13}},"402":{"start":{"line":403,"column":0},"end":{"line":403,"column":39}},"403":{"start":{"line":404,"column":0},"end":{"line":404,"column":9}},"404":{"start":{"line":405,"column":0},"end":{"line":405,"column":8}},"405":{"start":{"line":406,"column":0},"end":{"line":406,"column":21}},"406":{"start":{"line":407,"column":0},"end":{"line":407,"column":0}},"407":{"start":{"line":408,"column":0},"end":{"line":408,"column":5}},"408":{"start":{"line":409,"column":0},"end":{"line":409,"column":0}},"409":{"start":{"line":410,"column":0},"end":{"line":410,"column":162}},"410":{"start":{"line":411,"column":0},"end":{"line":411,"column":43}},"411":{"start":{"line":412,"column":0},"end":{"line":412,"column":62}},"412":{"start":{"line":413,"column":0},"end":{"line":413,"column":71}},"413":{"start":{"line":414,"column":0},"end":{"line":414,"column":45}},"414":{"start":{"line":415,"column":0},"end":{"line":415,"column":40}},"415":{"start":{"line":416,"column":0},"end":{"line":416,"column":9}},"416":{"start":{"line":417,"column":0},"end":{"line":417,"column":0}},"417":{"start":{"line":418,"column":0},"end":{"line":418,"column":54}},"418":{"start":{"line":419,"column":0},"end":{"line":419,"column":55}},"419":{"start":{"line":420,"column":0},"end":{"line":420,"column":38}},"420":{"start":{"line":421,"column":0},"end":{"line":421,"column":45}},"421":{"start":{"line":422,"column":0},"end":{"line":422,"column":8}},"422":{"start":{"line":423,"column":0},"end":{"line":423,"column":34}},"423":{"start":{"line":424,"column":0},"end":{"line":424,"column":42}},"424":{"start":{"line":425,"column":0},"end":{"line":425,"column":33}},"425":{"start":{"line":426,"column":0},"end":{"line":426,"column":58}},"426":{"start":{"line":427,"column":0},"end":{"line":427,"column":39}},"427":{"start":{"line":428,"column":0},"end":{"line":428,"column":44}},"428":{"start":{"line":429,"column":0},"end":{"line":429,"column":42}},"429":{"start":{"line":430,"column":0},"end":{"line":430,"column":49}},"430":{"start":{"line":431,"column":0},"end":{"line":431,"column":56}},"431":{"start":{"line":432,"column":0},"end":{"line":432,"column":31}},"432":{"start":{"line":433,"column":0},"end":{"line":433,"column":49}},"433":{"start":{"line":434,"column":0},"end":{"line":434,"column":37}},"434":{"start":{"line":435,"column":0},"end":{"line":435,"column":50}},"435":{"start":{"line":436,"column":0},"end":{"line":436,"column":11}},"436":{"start":{"line":437,"column":0},"end":{"line":437,"column":9}},"437":{"start":{"line":438,"column":0},"end":{"line":438,"column":37}},"438":{"start":{"line":439,"column":0},"end":{"line":439,"column":0}},"439":{"start":{"line":440,"column":0},"end":{"line":440,"column":72}},"440":{"start":{"line":441,"column":0},"end":{"line":441,"column":19}},"441":{"start":{"line":442,"column":0},"end":{"line":442,"column":6}},"442":{"start":{"line":443,"column":0},"end":{"line":443,"column":33}},"443":{"start":{"line":444,"column":0},"end":{"line":444,"column":44}},"444":{"start":{"line":445,"column":0},"end":{"line":445,"column":33}},"445":{"start":{"line":446,"column":0},"end":{"line":446,"column":55}},"446":{"start":{"line":447,"column":0},"end":{"line":447,"column":39}},"447":{"start":{"line":448,"column":0},"end":{"line":448,"column":44}},"448":{"start":{"line":449,"column":0},"end":{"line":449,"column":37}},"449":{"start":{"line":450,"column":0},"end":{"line":450,"column":45}},"450":{"start":{"line":451,"column":0},"end":{"line":451,"column":35}},"451":{"start":{"line":452,"column":0},"end":{"line":452,"column":31}},"452":{"start":{"line":453,"column":0},"end":{"line":453,"column":58}},"453":{"start":{"line":454,"column":0},"end":{"line":454,"column":72}},"454":{"start":{"line":455,"column":0},"end":{"line":455,"column":56}},"455":{"start":{"line":456,"column":0},"end":{"line":456,"column":61}},"456":{"start":{"line":457,"column":0},"end":{"line":457,"column":40}},"457":{"start":{"line":458,"column":0},"end":{"line":458,"column":42}},"458":{"start":{"line":459,"column":0},"end":{"line":459,"column":25}},"459":{"start":{"line":460,"column":0},"end":{"line":460,"column":60}},"460":{"start":{"line":461,"column":0},"end":{"line":461,"column":48}},"461":{"start":{"line":462,"column":0},"end":{"line":462,"column":41}},"462":{"start":{"line":463,"column":0},"end":{"line":463,"column":58}},"463":{"start":{"line":464,"column":0},"end":{"line":464,"column":33}},"464":{"start":{"line":465,"column":0},"end":{"line":465,"column":51}},"465":{"start":{"line":466,"column":0},"end":{"line":466,"column":39}},"466":{"start":{"line":467,"column":0},"end":{"line":467,"column":52}},"467":{"start":{"line":468,"column":0},"end":{"line":468,"column":13}},"468":{"start":{"line":469,"column":0},"end":{"line":469,"column":11}},"469":{"start":{"line":470,"column":0},"end":{"line":470,"column":40}},"470":{"start":{"line":471,"column":0},"end":{"line":471,"column":37}},"471":{"start":{"line":472,"column":0},"end":{"line":472,"column":9}},"472":{"start":{"line":473,"column":0},"end":{"line":473,"column":46}},"473":{"start":{"line":474,"column":0},"end":{"line":474,"column":26}},"474":{"start":{"line":475,"column":0},"end":{"line":475,"column":57}},"475":{"start":{"line":476,"column":0},"end":{"line":476,"column":42}},"476":{"start":{"line":477,"column":0},"end":{"line":477,"column":59}},"477":{"start":{"line":478,"column":0},"end":{"line":478,"column":43}},"478":{"start":{"line":479,"column":0},"end":{"line":479,"column":109}},"479":{"start":{"line":480,"column":0},"end":{"line":480,"column":17}},"480":{"start":{"line":481,"column":0},"end":{"line":481,"column":13}},"481":{"start":{"line":482,"column":0},"end":{"line":482,"column":9}},"482":{"start":{"line":483,"column":0},"end":{"line":483,"column":21}},"483":{"start":{"line":484,"column":0},"end":{"line":484,"column":5}},"484":{"start":{"line":485,"column":0},"end":{"line":485,"column":0}},"485":{"start":{"line":486,"column":0},"end":{"line":486,"column":39}},"486":{"start":{"line":487,"column":0},"end":{"line":487,"column":64}},"487":{"start":{"line":488,"column":0},"end":{"line":488,"column":25}},"488":{"start":{"line":489,"column":0},"end":{"line":489,"column":71}},"489":{"start":{"line":490,"column":0},"end":{"line":490,"column":20}},"490":{"start":{"line":491,"column":0},"end":{"line":491,"column":43}},"491":{"start":{"line":492,"column":0},"end":{"line":492,"column":35}},"492":{"start":{"line":493,"column":0},"end":{"line":493,"column":51}},"493":{"start":{"line":494,"column":0},"end":{"line":494,"column":56}},"494":{"start":{"line":495,"column":0},"end":{"line":495,"column":49}},"495":{"start":{"line":496,"column":0},"end":{"line":496,"column":54}},"496":{"start":{"line":497,"column":0},"end":{"line":497,"column":40}},"497":{"start":{"line":498,"column":0},"end":{"line":498,"column":69}},"498":{"start":{"line":499,"column":0},"end":{"line":499,"column":54}},"499":{"start":{"line":500,"column":0},"end":{"line":500,"column":58}},"500":{"start":{"line":501,"column":0},"end":{"line":501,"column":43}},"501":{"start":{"line":502,"column":0},"end":{"line":502,"column":56}},"502":{"start":{"line":503,"column":0},"end":{"line":503,"column":70}},"503":{"start":{"line":504,"column":0},"end":{"line":504,"column":55}},"504":{"start":{"line":505,"column":0},"end":{"line":505,"column":0}},"505":{"start":{"line":506,"column":0},"end":{"line":506,"column":41}},"506":{"start":{"line":507,"column":0},"end":{"line":507,"column":53}},"507":{"start":{"line":508,"column":0},"end":{"line":508,"column":65}},"508":{"start":{"line":509,"column":0},"end":{"line":509,"column":50}},"509":{"start":{"line":510,"column":0},"end":{"line":510,"column":48}},"510":{"start":{"line":511,"column":0},"end":{"line":511,"column":17}},"511":{"start":{"line":512,"column":0},"end":{"line":512,"column":0}},"512":{"start":{"line":513,"column":0},"end":{"line":513,"column":67}},"513":{"start":{"line":514,"column":0},"end":{"line":514,"column":24}},"514":{"start":{"line":515,"column":0},"end":{"line":515,"column":50}},"515":{"start":{"line":516,"column":0},"end":{"line":516,"column":49}},"516":{"start":{"line":517,"column":0},"end":{"line":517,"column":20}},"517":{"start":{"line":518,"column":0},"end":{"line":518,"column":72}},"518":{"start":{"line":519,"column":0},"end":{"line":519,"column":44}},"519":{"start":{"line":520,"column":0},"end":{"line":520,"column":13}},"520":{"start":{"line":521,"column":0},"end":{"line":521,"column":71}},"521":{"start":{"line":522,"column":0},"end":{"line":522,"column":46}},"522":{"start":{"line":523,"column":0},"end":{"line":523,"column":67}},"523":{"start":{"line":524,"column":0},"end":{"line":524,"column":48}},"524":{"start":{"line":525,"column":0},"end":{"line":525,"column":41}},"525":{"start":{"line":526,"column":0},"end":{"line":526,"column":21}},"526":{"start":{"line":527,"column":0},"end":{"line":527,"column":34}},"527":{"start":{"line":528,"column":0},"end":{"line":528,"column":9}},"528":{"start":{"line":529,"column":0},"end":{"line":529,"column":34}},"529":{"start":{"line":530,"column":0},"end":{"line":530,"column":22}},"530":{"start":{"line":531,"column":0},"end":{"line":531,"column":5}},"531":{"start":{"line":532,"column":0},"end":{"line":532,"column":0}},"532":{"start":{"line":533,"column":0},"end":{"line":533,"column":52}},"533":{"start":{"line":534,"column":0},"end":{"line":534,"column":41}},"534":{"start":{"line":535,"column":0},"end":{"line":535,"column":39}},"535":{"start":{"line":536,"column":0},"end":{"line":536,"column":92}},"536":{"start":{"line":537,"column":0},"end":{"line":537,"column":12}},"537":{"start":{"line":538,"column":0},"end":{"line":538,"column":47}},"538":{"start":{"line":539,"column":0},"end":{"line":539,"column":51}},"539":{"start":{"line":540,"column":0},"end":{"line":540,"column":31}},"540":{"start":{"line":541,"column":0},"end":{"line":541,"column":32}},"541":{"start":{"line":542,"column":0},"end":{"line":542,"column":9}},"542":{"start":{"line":543,"column":0},"end":{"line":543,"column":33}},"543":{"start":{"line":544,"column":0},"end":{"line":544,"column":36}},"544":{"start":{"line":545,"column":0},"end":{"line":545,"column":9}},"545":{"start":{"line":546,"column":0},"end":{"line":546,"column":43}},"546":{"start":{"line":547,"column":0},"end":{"line":547,"column":5}},"547":{"start":{"line":548,"column":0},"end":{"line":548,"column":0}},"548":{"start":{"line":549,"column":0},"end":{"line":549,"column":40}},"549":{"start":{"line":550,"column":0},"end":{"line":550,"column":81}},"550":{"start":{"line":551,"column":0},"end":{"line":551,"column":35}},"551":{"start":{"line":552,"column":0},"end":{"line":552,"column":58}},"552":{"start":{"line":553,"column":0},"end":{"line":553,"column":50}},"553":{"start":{"line":554,"column":0},"end":{"line":554,"column":0}},"554":{"start":{"line":555,"column":0},"end":{"line":555,"column":42}},"555":{"start":{"line":556,"column":0},"end":{"line":556,"column":39}},"556":{"start":{"line":557,"column":0},"end":{"line":557,"column":40}},"557":{"start":{"line":558,"column":0},"end":{"line":558,"column":9}},"558":{"start":{"line":559,"column":0},"end":{"line":559,"column":0}},"559":{"start":{"line":560,"column":0},"end":{"line":560,"column":46}},"560":{"start":{"line":561,"column":0},"end":{"line":561,"column":5}},"561":{"start":{"line":562,"column":0},"end":{"line":562,"column":0}},"562":{"start":{"line":563,"column":0},"end":{"line":563,"column":37}},"563":{"start":{"line":564,"column":0},"end":{"line":564,"column":37}},"564":{"start":{"line":565,"column":0},"end":{"line":565,"column":66}},"565":{"start":{"line":566,"column":0},"end":{"line":566,"column":14}},"566":{"start":{"line":567,"column":0},"end":{"line":567,"column":0}},"567":{"start":{"line":568,"column":0},"end":{"line":568,"column":43}},"568":{"start":{"line":569,"column":0},"end":{"line":569,"column":54}},"569":{"start":{"line":570,"column":0},"end":{"line":570,"column":43}},"570":{"start":{"line":571,"column":0},"end":{"line":571,"column":44}},"571":{"start":{"line":572,"column":0},"end":{"line":572,"column":50}},"572":{"start":{"line":573,"column":0},"end":{"line":573,"column":41}},"573":{"start":{"line":574,"column":0},"end":{"line":574,"column":43}},"574":{"start":{"line":575,"column":0},"end":{"line":575,"column":20}},"575":{"start":{"line":576,"column":0},"end":{"line":576,"column":66}},"576":{"start":{"line":577,"column":0},"end":{"line":577,"column":14}},"577":{"start":{"line":578,"column":0},"end":{"line":578,"column":11}},"578":{"start":{"line":579,"column":0},"end":{"line":579,"column":9}},"579":{"start":{"line":580,"column":0},"end":{"line":580,"column":5}},"580":{"start":{"line":581,"column":0},"end":{"line":581,"column":0}},"581":{"start":{"line":582,"column":0},"end":{"line":582,"column":28}},"582":{"start":{"line":583,"column":0},"end":{"line":583,"column":44}},"583":{"start":{"line":584,"column":0},"end":{"line":584,"column":65}},"584":{"start":{"line":585,"column":0},"end":{"line":585,"column":43}},"585":{"start":{"line":586,"column":0},"end":{"line":586,"column":0}},"586":{"start":{"line":587,"column":0},"end":{"line":587,"column":74}},"587":{"start":{"line":588,"column":0},"end":{"line":588,"column":63}},"588":{"start":{"line":589,"column":0},"end":{"line":589,"column":31}},"589":{"start":{"line":590,"column":0},"end":{"line":590,"column":5}},"590":{"start":{"line":591,"column":0},"end":{"line":591,"column":0}},"591":{"start":{"line":592,"column":0},"end":{"line":592,"column":27}},"592":{"start":{"line":593,"column":0},"end":{"line":593,"column":35}},"593":{"start":{"line":594,"column":0},"end":{"line":594,"column":63}},"594":{"start":{"line":595,"column":0},"end":{"line":595,"column":36}},"595":{"start":{"line":596,"column":0},"end":{"line":596,"column":0}},"596":{"start":{"line":597,"column":0},"end":{"line":597,"column":42}},"597":{"start":{"line":598,"column":0},"end":{"line":598,"column":65}},"598":{"start":{"line":599,"column":0},"end":{"line":599,"column":39}},"599":{"start":{"line":600,"column":0},"end":{"line":600,"column":5}},"600":{"start":{"line":601,"column":0},"end":{"line":601,"column":0}},"601":{"start":{"line":602,"column":0},"end":{"line":602,"column":36}},"602":{"start":{"line":603,"column":0},"end":{"line":603,"column":32}},"603":{"start":{"line":604,"column":0},"end":{"line":604,"column":63}},"604":{"start":{"line":605,"column":0},"end":{"line":605,"column":0}},"605":{"start":{"line":606,"column":0},"end":{"line":606,"column":26}},"606":{"start":{"line":607,"column":0},"end":{"line":607,"column":74}},"607":{"start":{"line":608,"column":0},"end":{"line":608,"column":16}},"608":{"start":{"line":609,"column":0},"end":{"line":609,"column":73}},"609":{"start":{"line":610,"column":0},"end":{"line":610,"column":9}},"610":{"start":{"line":611,"column":0},"end":{"line":611,"column":5}},"611":{"start":{"line":612,"column":0},"end":{"line":612,"column":0}},"612":{"start":{"line":613,"column":0},"end":{"line":613,"column":63}},"613":{"start":{"line":614,"column":0},"end":{"line":614,"column":25}},"614":{"start":{"line":615,"column":0},"end":{"line":615,"column":39}},"615":{"start":{"line":616,"column":0},"end":{"line":616,"column":53}},"616":{"start":{"line":617,"column":0},"end":{"line":617,"column":0}},"617":{"start":{"line":618,"column":0},"end":{"line":618,"column":27}},"618":{"start":{"line":619,"column":0},"end":{"line":619,"column":22}},"619":{"start":{"line":620,"column":0},"end":{"line":620,"column":0}},"620":{"start":{"line":621,"column":0},"end":{"line":621,"column":55}},"621":{"start":{"line":622,"column":0},"end":{"line":622,"column":61}},"622":{"start":{"line":623,"column":0},"end":{"line":623,"column":61}},"623":{"start":{"line":624,"column":0},"end":{"line":624,"column":76}},"624":{"start":{"line":625,"column":0},"end":{"line":625,"column":89}},"625":{"start":{"line":626,"column":0},"end":{"line":626,"column":74}},"626":{"start":{"line":627,"column":0},"end":{"line":627,"column":18}},"627":{"start":{"line":628,"column":0},"end":{"line":628,"column":9}},"628":{"start":{"line":629,"column":0},"end":{"line":629,"column":38}},"629":{"start":{"line":630,"column":0},"end":{"line":630,"column":46}},"630":{"start":{"line":631,"column":0},"end":{"line":631,"column":44}},"631":{"start":{"line":632,"column":0},"end":{"line":632,"column":38}},"632":{"start":{"line":633,"column":0},"end":{"line":633,"column":103}},"633":{"start":{"line":634,"column":0},"end":{"line":634,"column":0}},"634":{"start":{"line":635,"column":0},"end":{"line":635,"column":48}},"635":{"start":{"line":636,"column":0},"end":{"line":636,"column":87}},"636":{"start":{"line":637,"column":0},"end":{"line":637,"column":33}},"637":{"start":{"line":638,"column":0},"end":{"line":638,"column":31}},"638":{"start":{"line":639,"column":0},"end":{"line":639,"column":37}},"639":{"start":{"line":640,"column":0},"end":{"line":640,"column":107}},"640":{"start":{"line":641,"column":0},"end":{"line":641,"column":63}},"641":{"start":{"line":642,"column":0},"end":{"line":642,"column":52}},"642":{"start":{"line":643,"column":0},"end":{"line":643,"column":52}},"643":{"start":{"line":644,"column":0},"end":{"line":644,"column":88}},"644":{"start":{"line":645,"column":0},"end":{"line":645,"column":39}},"645":{"start":{"line":646,"column":0},"end":{"line":646,"column":37}},"646":{"start":{"line":647,"column":0},"end":{"line":647,"column":48}},"647":{"start":{"line":648,"column":0},"end":{"line":648,"column":120}},"648":{"start":{"line":649,"column":0},"end":{"line":649,"column":9}},"649":{"start":{"line":650,"column":0},"end":{"line":650,"column":18}},"650":{"start":{"line":651,"column":0},"end":{"line":651,"column":35}},"651":{"start":{"line":652,"column":0},"end":{"line":652,"column":79}},"652":{"start":{"line":653,"column":0},"end":{"line":653,"column":16}},"653":{"start":{"line":654,"column":0},"end":{"line":654,"column":62}},"654":{"start":{"line":655,"column":0},"end":{"line":655,"column":9}},"655":{"start":{"line":656,"column":0},"end":{"line":656,"column":68}},"656":{"start":{"line":657,"column":0},"end":{"line":657,"column":31}},"657":{"start":{"line":658,"column":0},"end":{"line":658,"column":29}},"658":{"start":{"line":659,"column":0},"end":{"line":659,"column":9}},"659":{"start":{"line":660,"column":0},"end":{"line":660,"column":102}},"660":{"start":{"line":661,"column":0},"end":{"line":661,"column":58}},"661":{"start":{"line":662,"column":0},"end":{"line":662,"column":61}},"662":{"start":{"line":663,"column":0},"end":{"line":663,"column":45}},"663":{"start":{"line":664,"column":0},"end":{"line":664,"column":94}},"664":{"start":{"line":665,"column":0},"end":{"line":665,"column":9}},"665":{"start":{"line":666,"column":0},"end":{"line":666,"column":0}},"666":{"start":{"line":667,"column":0},"end":{"line":667,"column":72}},"667":{"start":{"line":668,"column":0},"end":{"line":668,"column":35}},"668":{"start":{"line":669,"column":0},"end":{"line":669,"column":56}},"669":{"start":{"line":670,"column":0},"end":{"line":670,"column":0}},"670":{"start":{"line":671,"column":0},"end":{"line":671,"column":9}},"671":{"start":{"line":672,"column":0},"end":{"line":672,"column":0}},"672":{"start":{"line":673,"column":0},"end":{"line":673,"column":37}},"673":{"start":{"line":674,"column":0},"end":{"line":674,"column":31}},"674":{"start":{"line":675,"column":0},"end":{"line":675,"column":82}},"675":{"start":{"line":676,"column":0},"end":{"line":676,"column":25}},"676":{"start":{"line":677,"column":0},"end":{"line":677,"column":18}},"677":{"start":{"line":678,"column":0},"end":{"line":678,"column":66}},"678":{"start":{"line":679,"column":0},"end":{"line":679,"column":66}},"679":{"start":{"line":680,"column":0},"end":{"line":680,"column":25}},"680":{"start":{"line":681,"column":0},"end":{"line":681,"column":18}},"681":{"start":{"line":682,"column":0},"end":{"line":682,"column":9}},"682":{"start":{"line":683,"column":0},"end":{"line":683,"column":0}},"683":{"start":{"line":684,"column":0},"end":{"line":684,"column":33}},"684":{"start":{"line":685,"column":0},"end":{"line":685,"column":33}},"685":{"start":{"line":686,"column":0},"end":{"line":686,"column":29}},"686":{"start":{"line":687,"column":0},"end":{"line":687,"column":0}},"687":{"start":{"line":688,"column":0},"end":{"line":688,"column":35}},"688":{"start":{"line":689,"column":0},"end":{"line":689,"column":58}},"689":{"start":{"line":690,"column":0},"end":{"line":690,"column":63}},"690":{"start":{"line":691,"column":0},"end":{"line":691,"column":61}},"691":{"start":{"line":692,"column":0},"end":{"line":692,"column":29}},"692":{"start":{"line":693,"column":0},"end":{"line":693,"column":20}},"693":{"start":{"line":694,"column":0},"end":{"line":694,"column":72}},"694":{"start":{"line":695,"column":0},"end":{"line":695,"column":79}},"695":{"start":{"line":696,"column":0},"end":{"line":696,"column":53}},"696":{"start":{"line":697,"column":0},"end":{"line":697,"column":84}},"697":{"start":{"line":698,"column":0},"end":{"line":698,"column":73}},"698":{"start":{"line":699,"column":0},"end":{"line":699,"column":49}},"699":{"start":{"line":700,"column":0},"end":{"line":700,"column":53}},"700":{"start":{"line":701,"column":0},"end":{"line":701,"column":17}},"701":{"start":{"line":702,"column":0},"end":{"line":702,"column":0}},"702":{"start":{"line":703,"column":0},"end":{"line":703,"column":58}},"703":{"start":{"line":704,"column":0},"end":{"line":704,"column":39}},"704":{"start":{"line":705,"column":0},"end":{"line":705,"column":31}},"705":{"start":{"line":706,"column":0},"end":{"line":706,"column":29}},"706":{"start":{"line":707,"column":0},"end":{"line":707,"column":0}},"707":{"start":{"line":708,"column":0},"end":{"line":708,"column":13}},"708":{"start":{"line":709,"column":0},"end":{"line":709,"column":9}},"709":{"start":{"line":710,"column":0},"end":{"line":710,"column":0}},"710":{"start":{"line":711,"column":0},"end":{"line":711,"column":192}},"711":{"start":{"line":712,"column":0},"end":{"line":712,"column":0}},"712":{"start":{"line":713,"column":0},"end":{"line":713,"column":39}},"713":{"start":{"line":714,"column":0},"end":{"line":714,"column":75}},"714":{"start":{"line":715,"column":0},"end":{"line":715,"column":0}},"715":{"start":{"line":716,"column":0},"end":{"line":716,"column":5}},"716":{"start":{"line":717,"column":0},"end":{"line":717,"column":0}},"717":{"start":{"line":718,"column":0},"end":{"line":718,"column":58}},"718":{"start":{"line":719,"column":0},"end":{"line":719,"column":37}},"719":{"start":{"line":720,"column":0},"end":{"line":720,"column":31}},"720":{"start":{"line":721,"column":0},"end":{"line":721,"column":44}},"721":{"start":{"line":722,"column":0},"end":{"line":722,"column":34}},"722":{"start":{"line":723,"column":0},"end":{"line":723,"column":65}},"723":{"start":{"line":724,"column":0},"end":{"line":724,"column":43}},"724":{"start":{"line":725,"column":0},"end":{"line":725,"column":17}},"725":{"start":{"line":726,"column":0},"end":{"line":726,"column":13}},"726":{"start":{"line":727,"column":0},"end":{"line":727,"column":9}},"727":{"start":{"line":728,"column":0},"end":{"line":728,"column":36}},"728":{"start":{"line":729,"column":0},"end":{"line":729,"column":0}},"729":{"start":{"line":730,"column":0},"end":{"line":730,"column":86}},"730":{"start":{"line":731,"column":0},"end":{"line":731,"column":20}},"731":{"start":{"line":732,"column":0},"end":{"line":732,"column":20}},"732":{"start":{"line":733,"column":0},"end":{"line":733,"column":64}},"733":{"start":{"line":734,"column":0},"end":{"line":734,"column":35}},"734":{"start":{"line":735,"column":0},"end":{"line":735,"column":33}},"735":{"start":{"line":736,"column":0},"end":{"line":736,"column":16}},"736":{"start":{"line":737,"column":0},"end":{"line":737,"column":71}},"737":{"start":{"line":738,"column":0},"end":{"line":738,"column":9}},"738":{"start":{"line":739,"column":0},"end":{"line":739,"column":35}},"739":{"start":{"line":740,"column":0},"end":{"line":740,"column":33}},"740":{"start":{"line":741,"column":0},"end":{"line":741,"column":16}},"741":{"start":{"line":742,"column":0},"end":{"line":742,"column":71}},"742":{"start":{"line":743,"column":0},"end":{"line":743,"column":0}},"743":{"start":{"line":744,"column":0},"end":{"line":744,"column":9}},"744":{"start":{"line":745,"column":0},"end":{"line":745,"column":0}},"745":{"start":{"line":746,"column":0},"end":{"line":746,"column":58}},"746":{"start":{"line":747,"column":0},"end":{"line":747,"column":0}},"747":{"start":{"line":748,"column":0},"end":{"line":748,"column":78}},"748":{"start":{"line":749,"column":0},"end":{"line":749,"column":32}},"749":{"start":{"line":750,"column":0},"end":{"line":750,"column":50}},"750":{"start":{"line":751,"column":0},"end":{"line":751,"column":42}},"751":{"start":{"line":752,"column":0},"end":{"line":752,"column":39}},"752":{"start":{"line":753,"column":0},"end":{"line":753,"column":35}},"753":{"start":{"line":754,"column":0},"end":{"line":754,"column":37}},"754":{"start":{"line":755,"column":0},"end":{"line":755,"column":79}},"755":{"start":{"line":756,"column":0},"end":{"line":756,"column":32}},"756":{"start":{"line":757,"column":0},"end":{"line":757,"column":84}},"757":{"start":{"line":758,"column":0},"end":{"line":758,"column":47}},"758":{"start":{"line":759,"column":0},"end":{"line":759,"column":35}},"759":{"start":{"line":760,"column":0},"end":{"line":760,"column":80}},"760":{"start":{"line":761,"column":0},"end":{"line":761,"column":65}},"761":{"start":{"line":762,"column":0},"end":{"line":762,"column":56}},"762":{"start":{"line":763,"column":0},"end":{"line":763,"column":37}},"763":{"start":{"line":764,"column":0},"end":{"line":764,"column":80}},"764":{"start":{"line":765,"column":0},"end":{"line":765,"column":67}},"765":{"start":{"line":766,"column":0},"end":{"line":766,"column":57}},"766":{"start":{"line":767,"column":0},"end":{"line":767,"column":38}},"767":{"start":{"line":768,"column":0},"end":{"line":768,"column":80}},"768":{"start":{"line":769,"column":0},"end":{"line":769,"column":68}},"769":{"start":{"line":770,"column":0},"end":{"line":770,"column":59}},"770":{"start":{"line":771,"column":0},"end":{"line":771,"column":40}},"771":{"start":{"line":772,"column":0},"end":{"line":772,"column":80}},"772":{"start":{"line":773,"column":0},"end":{"line":773,"column":70}},"773":{"start":{"line":774,"column":0},"end":{"line":774,"column":17}},"774":{"start":{"line":775,"column":0},"end":{"line":775,"column":72}},"775":{"start":{"line":776,"column":0},"end":{"line":776,"column":49}},"776":{"start":{"line":777,"column":0},"end":{"line":777,"column":13}},"777":{"start":{"line":778,"column":0},"end":{"line":778,"column":9}},"778":{"start":{"line":779,"column":0},"end":{"line":779,"column":0}},"779":{"start":{"line":780,"column":0},"end":{"line":780,"column":57}},"780":{"start":{"line":781,"column":0},"end":{"line":781,"column":26}},"781":{"start":{"line":782,"column":0},"end":{"line":782,"column":83}},"782":{"start":{"line":783,"column":0},"end":{"line":783,"column":43}},"783":{"start":{"line":784,"column":0},"end":{"line":784,"column":80}},"784":{"start":{"line":785,"column":0},"end":{"line":785,"column":38}},"785":{"start":{"line":786,"column":0},"end":{"line":786,"column":58}},"786":{"start":{"line":787,"column":0},"end":{"line":787,"column":16}},"787":{"start":{"line":788,"column":0},"end":{"line":788,"column":0}},"788":{"start":{"line":789,"column":0},"end":{"line":789,"column":75}},"789":{"start":{"line":790,"column":0},"end":{"line":790,"column":38}},"790":{"start":{"line":791,"column":0},"end":{"line":791,"column":0}},"791":{"start":{"line":792,"column":0},"end":{"line":792,"column":60}},"792":{"start":{"line":793,"column":0},"end":{"line":793,"column":80}},"793":{"start":{"line":794,"column":0},"end":{"line":794,"column":0}},"794":{"start":{"line":795,"column":0},"end":{"line":795,"column":51}},"795":{"start":{"line":796,"column":0},"end":{"line":796,"column":35}},"796":{"start":{"line":797,"column":0},"end":{"line":797,"column":9}},"797":{"start":{"line":798,"column":0},"end":{"line":798,"column":0}},"798":{"start":{"line":799,"column":0},"end":{"line":799,"column":43}},"799":{"start":{"line":800,"column":0},"end":{"line":800,"column":54}},"800":{"start":{"line":801,"column":0},"end":{"line":801,"column":45}},"801":{"start":{"line":802,"column":0},"end":{"line":802,"column":51}},"802":{"start":{"line":803,"column":0},"end":{"line":803,"column":20}},"803":{"start":{"line":804,"column":0},"end":{"line":804,"column":53}},"804":{"start":{"line":805,"column":0},"end":{"line":805,"column":84}},"805":{"start":{"line":806,"column":0},"end":{"line":806,"column":37}},"806":{"start":{"line":807,"column":0},"end":{"line":807,"column":30}},"807":{"start":{"line":808,"column":0},"end":{"line":808,"column":54}},"808":{"start":{"line":809,"column":0},"end":{"line":809,"column":67}},"809":{"start":{"line":810,"column":0},"end":{"line":810,"column":51}},"810":{"start":{"line":811,"column":0},"end":{"line":811,"column":37}},"811":{"start":{"line":812,"column":0},"end":{"line":812,"column":55}},"812":{"start":{"line":813,"column":0},"end":{"line":813,"column":72}},"813":{"start":{"line":814,"column":0},"end":{"line":814,"column":70}},"814":{"start":{"line":815,"column":0},"end":{"line":815,"column":123}},"815":{"start":{"line":816,"column":0},"end":{"line":816,"column":62}},"816":{"start":{"line":817,"column":0},"end":{"line":817,"column":59}},"817":{"start":{"line":818,"column":0},"end":{"line":818,"column":32}},"818":{"start":{"line":819,"column":0},"end":{"line":819,"column":77}},"819":{"start":{"line":820,"column":0},"end":{"line":820,"column":53}},"820":{"start":{"line":821,"column":0},"end":{"line":821,"column":25}},"821":{"start":{"line":822,"column":0},"end":{"line":822,"column":21}},"822":{"start":{"line":823,"column":0},"end":{"line":823,"column":17}},"823":{"start":{"line":824,"column":0},"end":{"line":824,"column":63}},"824":{"start":{"line":825,"column":0},"end":{"line":825,"column":46}},"825":{"start":{"line":826,"column":0},"end":{"line":826,"column":42}},"826":{"start":{"line":827,"column":0},"end":{"line":827,"column":51}},"827":{"start":{"line":828,"column":0},"end":{"line":828,"column":0}},"828":{"start":{"line":829,"column":0},"end":{"line":829,"column":44}},"829":{"start":{"line":830,"column":0},"end":{"line":830,"column":44}},"830":{"start":{"line":831,"column":0},"end":{"line":831,"column":37}},"831":{"start":{"line":832,"column":0},"end":{"line":832,"column":44}},"832":{"start":{"line":833,"column":0},"end":{"line":833,"column":35}},"833":{"start":{"line":834,"column":0},"end":{"line":834,"column":34}},"834":{"start":{"line":835,"column":0},"end":{"line":835,"column":21}},"835":{"start":{"line":836,"column":0},"end":{"line":836,"column":22}},"836":{"start":{"line":837,"column":0},"end":{"line":837,"column":42}},"837":{"start":{"line":838,"column":0},"end":{"line":838,"column":17}},"838":{"start":{"line":839,"column":0},"end":{"line":839,"column":83}},"839":{"start":{"line":840,"column":0},"end":{"line":840,"column":95}},"840":{"start":{"line":841,"column":0},"end":{"line":841,"column":50}},"841":{"start":{"line":842,"column":0},"end":{"line":842,"column":84}},"842":{"start":{"line":843,"column":0},"end":{"line":843,"column":73}},"843":{"start":{"line":844,"column":0},"end":{"line":844,"column":57}},"844":{"start":{"line":845,"column":0},"end":{"line":845,"column":53}},"845":{"start":{"line":846,"column":0},"end":{"line":846,"column":17}},"846":{"start":{"line":847,"column":0},"end":{"line":847,"column":0}},"847":{"start":{"line":848,"column":0},"end":{"line":848,"column":58}},"848":{"start":{"line":849,"column":0},"end":{"line":849,"column":39}},"849":{"start":{"line":850,"column":0},"end":{"line":850,"column":31}},"850":{"start":{"line":851,"column":0},"end":{"line":851,"column":29}},"851":{"start":{"line":852,"column":0},"end":{"line":852,"column":13}},"852":{"start":{"line":853,"column":0},"end":{"line":853,"column":10}},"853":{"start":{"line":854,"column":0},"end":{"line":854,"column":5}},"854":{"start":{"line":855,"column":0},"end":{"line":855,"column":0}},"855":{"start":{"line":856,"column":0},"end":{"line":856,"column":43}},"856":{"start":{"line":857,"column":0},"end":{"line":857,"column":42}},"857":{"start":{"line":858,"column":0},"end":{"line":858,"column":30}},"858":{"start":{"line":859,"column":0},"end":{"line":859,"column":26}},"859":{"start":{"line":860,"column":0},"end":{"line":860,"column":50}},"860":{"start":{"line":861,"column":0},"end":{"line":861,"column":47}},"861":{"start":{"line":862,"column":0},"end":{"line":862,"column":47}},"862":{"start":{"line":863,"column":0},"end":{"line":863,"column":42}},"863":{"start":{"line":864,"column":0},"end":{"line":864,"column":45}},"864":{"start":{"line":865,"column":0},"end":{"line":865,"column":43}},"865":{"start":{"line":866,"column":0},"end":{"line":866,"column":0}},"866":{"start":{"line":867,"column":0},"end":{"line":867,"column":52}},"867":{"start":{"line":868,"column":0},"end":{"line":868,"column":48}},"868":{"start":{"line":869,"column":0},"end":{"line":869,"column":47}},"869":{"start":{"line":870,"column":0},"end":{"line":870,"column":13}},"870":{"start":{"line":871,"column":0},"end":{"line":871,"column":0}},"871":{"start":{"line":872,"column":0},"end":{"line":872,"column":43}},"872":{"start":{"line":873,"column":0},"end":{"line":873,"column":26}},"873":{"start":{"line":874,"column":0},"end":{"line":874,"column":26}},"874":{"start":{"line":875,"column":0},"end":{"line":875,"column":26}},"875":{"start":{"line":876,"column":0},"end":{"line":876,"column":27}},"876":{"start":{"line":877,"column":0},"end":{"line":877,"column":27}},"877":{"start":{"line":878,"column":0},"end":{"line":878,"column":29}},"878":{"start":{"line":879,"column":0},"end":{"line":879,"column":24}},"879":{"start":{"line":880,"column":0},"end":{"line":880,"column":13}},"880":{"start":{"line":881,"column":0},"end":{"line":881,"column":0}},"881":{"start":{"line":882,"column":0},"end":{"line":882,"column":28}},"882":{"start":{"line":883,"column":0},"end":{"line":883,"column":35}},"883":{"start":{"line":884,"column":0},"end":{"line":884,"column":130}},"884":{"start":{"line":885,"column":0},"end":{"line":885,"column":41}},"885":{"start":{"line":886,"column":0},"end":{"line":886,"column":41}},"886":{"start":{"line":887,"column":0},"end":{"line":887,"column":31}},"887":{"start":{"line":888,"column":0},"end":{"line":888,"column":31}},"888":{"start":{"line":889,"column":0},"end":{"line":889,"column":37}},"889":{"start":{"line":890,"column":0},"end":{"line":890,"column":40}},"890":{"start":{"line":891,"column":0},"end":{"line":891,"column":40}},"891":{"start":{"line":892,"column":0},"end":{"line":892,"column":52}},"892":{"start":{"line":893,"column":0},"end":{"line":893,"column":30}},"893":{"start":{"line":894,"column":0},"end":{"line":894,"column":122}},"894":{"start":{"line":895,"column":0},"end":{"line":895,"column":70}},"895":{"start":{"line":896,"column":0},"end":{"line":896,"column":68}},"896":{"start":{"line":897,"column":0},"end":{"line":897,"column":142}},"897":{"start":{"line":898,"column":0},"end":{"line":898,"column":17}},"898":{"start":{"line":899,"column":0},"end":{"line":899,"column":0}},"899":{"start":{"line":900,"column":0},"end":{"line":900,"column":44}},"900":{"start":{"line":901,"column":0},"end":{"line":901,"column":49}},"901":{"start":{"line":902,"column":0},"end":{"line":902,"column":41}},"902":{"start":{"line":903,"column":0},"end":{"line":903,"column":51}},"903":{"start":{"line":904,"column":0},"end":{"line":904,"column":47}},"904":{"start":{"line":905,"column":0},"end":{"line":905,"column":41}},"905":{"start":{"line":906,"column":0},"end":{"line":906,"column":17}},"906":{"start":{"line":907,"column":0},"end":{"line":907,"column":13}},"907":{"start":{"line":908,"column":0},"end":{"line":908,"column":61}},"908":{"start":{"line":909,"column":0},"end":{"line":909,"column":41}},"909":{"start":{"line":910,"column":0},"end":{"line":910,"column":43}},"910":{"start":{"line":911,"column":0},"end":{"line":911,"column":20}},"911":{"start":{"line":912,"column":0},"end":{"line":912,"column":45}},"912":{"start":{"line":913,"column":0},"end":{"line":913,"column":13}},"913":{"start":{"line":914,"column":0},"end":{"line":914,"column":54}},"914":{"start":{"line":915,"column":0},"end":{"line":915,"column":77}},"915":{"start":{"line":916,"column":0},"end":{"line":916,"column":48}},"916":{"start":{"line":917,"column":0},"end":{"line":917,"column":52}},"917":{"start":{"line":918,"column":0},"end":{"line":918,"column":76}},"918":{"start":{"line":919,"column":0},"end":{"line":919,"column":49}},"919":{"start":{"line":920,"column":0},"end":{"line":920,"column":48}},"920":{"start":{"line":921,"column":0},"end":{"line":921,"column":77}},"921":{"start":{"line":922,"column":0},"end":{"line":922,"column":47}},"922":{"start":{"line":923,"column":0},"end":{"line":923,"column":45}},"923":{"start":{"line":924,"column":0},"end":{"line":924,"column":50}},"924":{"start":{"line":925,"column":0},"end":{"line":925,"column":40}},"925":{"start":{"line":926,"column":0},"end":{"line":926,"column":0}},"926":{"start":{"line":927,"column":0},"end":{"line":927,"column":75}},"927":{"start":{"line":928,"column":0},"end":{"line":928,"column":39}},"928":{"start":{"line":929,"column":0},"end":{"line":929,"column":49}},"929":{"start":{"line":930,"column":0},"end":{"line":930,"column":134}},"930":{"start":{"line":931,"column":0},"end":{"line":931,"column":45}},"931":{"start":{"line":932,"column":0},"end":{"line":932,"column":65}},"932":{"start":{"line":933,"column":0},"end":{"line":933,"column":45}},"933":{"start":{"line":934,"column":0},"end":{"line":934,"column":47}},"934":{"start":{"line":935,"column":0},"end":{"line":935,"column":24}},"935":{"start":{"line":936,"column":0},"end":{"line":936,"column":49}},"936":{"start":{"line":937,"column":0},"end":{"line":937,"column":17}},"937":{"start":{"line":938,"column":0},"end":{"line":938,"column":58}},"938":{"start":{"line":939,"column":0},"end":{"line":939,"column":60}},"939":{"start":{"line":940,"column":0},"end":{"line":940,"column":52}},"940":{"start":{"line":941,"column":0},"end":{"line":941,"column":56}},"941":{"start":{"line":942,"column":0},"end":{"line":942,"column":79}},"942":{"start":{"line":943,"column":0},"end":{"line":943,"column":52}},"943":{"start":{"line":944,"column":0},"end":{"line":944,"column":52}},"944":{"start":{"line":945,"column":0},"end":{"line":945,"column":78}},"945":{"start":{"line":946,"column":0},"end":{"line":946,"column":51}},"946":{"start":{"line":947,"column":0},"end":{"line":947,"column":53}},"947":{"start":{"line":948,"column":0},"end":{"line":948,"column":39}},"948":{"start":{"line":949,"column":0},"end":{"line":949,"column":13}},"949":{"start":{"line":950,"column":0},"end":{"line":950,"column":0}},"950":{"start":{"line":951,"column":0},"end":{"line":951,"column":110}},"951":{"start":{"line":952,"column":0},"end":{"line":952,"column":56}},"952":{"start":{"line":953,"column":0},"end":{"line":953,"column":52}},"953":{"start":{"line":954,"column":0},"end":{"line":954,"column":20}},"954":{"start":{"line":955,"column":0},"end":{"line":955,"column":65}},"955":{"start":{"line":956,"column":0},"end":{"line":956,"column":50}},"956":{"start":{"line":957,"column":0},"end":{"line":957,"column":13}},"957":{"start":{"line":958,"column":0},"end":{"line":958,"column":9}},"958":{"start":{"line":959,"column":0},"end":{"line":959,"column":34}},"959":{"start":{"line":960,"column":0},"end":{"line":960,"column":28}},"960":{"start":{"line":961,"column":0},"end":{"line":961,"column":5}},"961":{"start":{"line":962,"column":0},"end":{"line":962,"column":0}},"962":{"start":{"line":963,"column":0},"end":{"line":963,"column":60}},"963":{"start":{"line":964,"column":0},"end":{"line":964,"column":42}},"964":{"start":{"line":965,"column":0},"end":{"line":965,"column":53}},"965":{"start":{"line":966,"column":0},"end":{"line":966,"column":41}},"966":{"start":{"line":967,"column":0},"end":{"line":967,"column":31}},"967":{"start":{"line":968,"column":0},"end":{"line":968,"column":81}},"968":{"start":{"line":969,"column":0},"end":{"line":969,"column":33}},"969":{"start":{"line":970,"column":0},"end":{"line":970,"column":58}},"970":{"start":{"line":971,"column":0},"end":{"line":971,"column":46}},"971":{"start":{"line":972,"column":0},"end":{"line":972,"column":45}},"972":{"start":{"line":973,"column":0},"end":{"line":973,"column":42}},"973":{"start":{"line":974,"column":0},"end":{"line":974,"column":51}},"974":{"start":{"line":975,"column":0},"end":{"line":975,"column":58}},"975":{"start":{"line":976,"column":0},"end":{"line":976,"column":37}},"976":{"start":{"line":977,"column":0},"end":{"line":977,"column":0}},"977":{"start":{"line":978,"column":0},"end":{"line":978,"column":50}},"978":{"start":{"line":979,"column":0},"end":{"line":979,"column":29}},"979":{"start":{"line":980,"column":0},"end":{"line":980,"column":37}},"980":{"start":{"line":981,"column":0},"end":{"line":981,"column":0}},"981":{"start":{"line":982,"column":0},"end":{"line":982,"column":19}},"982":{"start":{"line":983,"column":0},"end":{"line":983,"column":0}},"983":{"start":{"line":984,"column":0},"end":{"line":984,"column":5}},"984":{"start":{"line":985,"column":0},"end":{"line":985,"column":0}},"985":{"start":{"line":986,"column":0},"end":{"line":986,"column":64}},"986":{"start":{"line":987,"column":0},"end":{"line":987,"column":48}},"987":{"start":{"line":988,"column":0},"end":{"line":988,"column":34}},"988":{"start":{"line":989,"column":0},"end":{"line":989,"column":20}},"989":{"start":{"line":990,"column":0},"end":{"line":990,"column":151}},"990":{"start":{"line":991,"column":0},"end":{"line":991,"column":36}},"991":{"start":{"line":992,"column":0},"end":{"line":992,"column":92}},"992":{"start":{"line":993,"column":0},"end":{"line":993,"column":37}},"993":{"start":{"line":994,"column":0},"end":{"line":994,"column":243}},"994":{"start":{"line":995,"column":0},"end":{"line":995,"column":38}},"995":{"start":{"line":996,"column":0},"end":{"line":996,"column":131}},"996":{"start":{"line":997,"column":0},"end":{"line":997,"column":40}},"997":{"start":{"line":998,"column":0},"end":{"line":998,"column":16}},"998":{"start":{"line":999,"column":0},"end":{"line":999,"column":30}},"999":{"start":{"line":1000,"column":0},"end":{"line":1000,"column":9}},"1000":{"start":{"line":1001,"column":0},"end":{"line":1001,"column":0}},"1001":{"start":{"line":1002,"column":0},"end":{"line":1002,"column":22}},"1002":{"start":{"line":1003,"column":0},"end":{"line":1003,"column":5}},"1003":{"start":{"line":1004,"column":0},"end":{"line":1004,"column":0}},"1004":{"start":{"line":1005,"column":0},"end":{"line":1005,"column":57}},"1005":{"start":{"line":1006,"column":0},"end":{"line":1006,"column":70}},"1006":{"start":{"line":1007,"column":0},"end":{"line":1007,"column":29}},"1007":{"start":{"line":1008,"column":0},"end":{"line":1008,"column":0}},"1008":{"start":{"line":1009,"column":0},"end":{"line":1009,"column":86}},"1009":{"start":{"line":1010,"column":0},"end":{"line":1010,"column":20}},"1010":{"start":{"line":1011,"column":0},"end":{"line":1011,"column":20}},"1011":{"start":{"line":1012,"column":0},"end":{"line":1012,"column":64}},"1012":{"start":{"line":1013,"column":0},"end":{"line":1013,"column":35}},"1013":{"start":{"line":1014,"column":0},"end":{"line":1014,"column":33}},"1014":{"start":{"line":1015,"column":0},"end":{"line":1015,"column":16}},"1015":{"start":{"line":1016,"column":0},"end":{"line":1016,"column":71}},"1016":{"start":{"line":1017,"column":0},"end":{"line":1017,"column":9}},"1017":{"start":{"line":1018,"column":0},"end":{"line":1018,"column":35}},"1018":{"start":{"line":1019,"column":0},"end":{"line":1019,"column":33}},"1019":{"start":{"line":1020,"column":0},"end":{"line":1020,"column":16}},"1020":{"start":{"line":1021,"column":0},"end":{"line":1021,"column":71}},"1021":{"start":{"line":1022,"column":0},"end":{"line":1022,"column":0}},"1022":{"start":{"line":1023,"column":0},"end":{"line":1023,"column":9}},"1023":{"start":{"line":1024,"column":0},"end":{"line":1024,"column":0}},"1024":{"start":{"line":1025,"column":0},"end":{"line":1025,"column":58}},"1025":{"start":{"line":1026,"column":0},"end":{"line":1026,"column":0}},"1026":{"start":{"line":1027,"column":0},"end":{"line":1027,"column":39}},"1027":{"start":{"line":1028,"column":0},"end":{"line":1028,"column":27}},"1028":{"start":{"line":1029,"column":0},"end":{"line":1029,"column":82}},"1029":{"start":{"line":1030,"column":0},"end":{"line":1030,"column":45}},"1030":{"start":{"line":1031,"column":0},"end":{"line":1031,"column":46}},"1031":{"start":{"line":1032,"column":0},"end":{"line":1032,"column":77}},"1032":{"start":{"line":1033,"column":0},"end":{"line":1033,"column":86}},"1033":{"start":{"line":1034,"column":0},"end":{"line":1034,"column":17}},"1034":{"start":{"line":1035,"column":0},"end":{"line":1035,"column":34}},"1035":{"start":{"line":1036,"column":0},"end":{"line":1036,"column":13}},"1036":{"start":{"line":1037,"column":0},"end":{"line":1037,"column":72}},"1037":{"start":{"line":1038,"column":0},"end":{"line":1038,"column":62}},"1038":{"start":{"line":1039,"column":0},"end":{"line":1039,"column":92}},"1039":{"start":{"line":1040,"column":0},"end":{"line":1040,"column":48}},"1040":{"start":{"line":1041,"column":0},"end":{"line":1041,"column":73}},"1041":{"start":{"line":1042,"column":0},"end":{"line":1042,"column":88}},"1042":{"start":{"line":1043,"column":0},"end":{"line":1043,"column":13}},"1043":{"start":{"line":1044,"column":0},"end":{"line":1044,"column":0}},"1044":{"start":{"line":1045,"column":0},"end":{"line":1045,"column":48}},"1045":{"start":{"line":1046,"column":0},"end":{"line":1046,"column":29}},"1046":{"start":{"line":1047,"column":0},"end":{"line":1047,"column":82}},"1047":{"start":{"line":1048,"column":0},"end":{"line":1048,"column":45}},"1048":{"start":{"line":1049,"column":0},"end":{"line":1049,"column":46}},"1049":{"start":{"line":1050,"column":0},"end":{"line":1050,"column":77}},"1050":{"start":{"line":1051,"column":0},"end":{"line":1051,"column":88}},"1051":{"start":{"line":1052,"column":0},"end":{"line":1052,"column":17}},"1052":{"start":{"line":1053,"column":0},"end":{"line":1053,"column":34}},"1053":{"start":{"line":1054,"column":0},"end":{"line":1054,"column":13}},"1054":{"start":{"line":1055,"column":0},"end":{"line":1055,"column":72}},"1055":{"start":{"line":1056,"column":0},"end":{"line":1056,"column":64}},"1056":{"start":{"line":1057,"column":0},"end":{"line":1057,"column":92}},"1057":{"start":{"line":1058,"column":0},"end":{"line":1058,"column":48}},"1058":{"start":{"line":1059,"column":0},"end":{"line":1059,"column":73}},"1059":{"start":{"line":1060,"column":0},"end":{"line":1060,"column":90}},"1060":{"start":{"line":1061,"column":0},"end":{"line":1061,"column":13}},"1061":{"start":{"line":1062,"column":0},"end":{"line":1062,"column":0}},"1062":{"start":{"line":1063,"column":0},"end":{"line":1063,"column":51}},"1063":{"start":{"line":1064,"column":0},"end":{"line":1064,"column":30}},"1064":{"start":{"line":1065,"column":0},"end":{"line":1065,"column":82}},"1065":{"start":{"line":1066,"column":0},"end":{"line":1066,"column":45}},"1066":{"start":{"line":1067,"column":0},"end":{"line":1067,"column":46}},"1067":{"start":{"line":1068,"column":0},"end":{"line":1068,"column":77}},"1068":{"start":{"line":1069,"column":0},"end":{"line":1069,"column":86}},"1069":{"start":{"line":1070,"column":0},"end":{"line":1070,"column":17}},"1070":{"start":{"line":1071,"column":0},"end":{"line":1071,"column":34}},"1071":{"start":{"line":1072,"column":0},"end":{"line":1072,"column":13}},"1072":{"start":{"line":1073,"column":0},"end":{"line":1073,"column":72}},"1073":{"start":{"line":1074,"column":0},"end":{"line":1074,"column":65}},"1074":{"start":{"line":1075,"column":0},"end":{"line":1075,"column":92}},"1075":{"start":{"line":1076,"column":0},"end":{"line":1076,"column":48}},"1076":{"start":{"line":1077,"column":0},"end":{"line":1077,"column":73}},"1077":{"start":{"line":1078,"column":0},"end":{"line":1078,"column":88}},"1078":{"start":{"line":1079,"column":0},"end":{"line":1079,"column":13}},"1079":{"start":{"line":1080,"column":0},"end":{"line":1080,"column":0}},"1080":{"start":{"line":1081,"column":0},"end":{"line":1081,"column":53}},"1081":{"start":{"line":1082,"column":0},"end":{"line":1082,"column":32}},"1082":{"start":{"line":1083,"column":0},"end":{"line":1083,"column":82}},"1083":{"start":{"line":1084,"column":0},"end":{"line":1084,"column":45}},"1084":{"start":{"line":1085,"column":0},"end":{"line":1085,"column":46}},"1085":{"start":{"line":1086,"column":0},"end":{"line":1086,"column":77}},"1086":{"start":{"line":1087,"column":0},"end":{"line":1087,"column":88}},"1087":{"start":{"line":1088,"column":0},"end":{"line":1088,"column":17}},"1088":{"start":{"line":1089,"column":0},"end":{"line":1089,"column":34}},"1089":{"start":{"line":1090,"column":0},"end":{"line":1090,"column":13}},"1090":{"start":{"line":1091,"column":0},"end":{"line":1091,"column":72}},"1091":{"start":{"line":1092,"column":0},"end":{"line":1092,"column":67}},"1092":{"start":{"line":1093,"column":0},"end":{"line":1093,"column":92}},"1093":{"start":{"line":1094,"column":0},"end":{"line":1094,"column":48}},"1094":{"start":{"line":1095,"column":0},"end":{"line":1095,"column":73}},"1095":{"start":{"line":1096,"column":0},"end":{"line":1096,"column":90}},"1096":{"start":{"line":1097,"column":0},"end":{"line":1097,"column":13}},"1097":{"start":{"line":1098,"column":0},"end":{"line":1098,"column":0}},"1098":{"start":{"line":1099,"column":0},"end":{"line":1099,"column":16}},"1099":{"start":{"line":1100,"column":0},"end":{"line":1100,"column":29}},"1100":{"start":{"line":1101,"column":0},"end":{"line":1101,"column":62}},"1101":{"start":{"line":1102,"column":0},"end":{"line":1102,"column":44}},"1102":{"start":{"line":1103,"column":0},"end":{"line":1103,"column":35}},"1103":{"start":{"line":1104,"column":0},"end":{"line":1104,"column":55}},"1104":{"start":{"line":1105,"column":0},"end":{"line":1105,"column":41}},"1105":{"start":{"line":1106,"column":0},"end":{"line":1106,"column":71}},"1106":{"start":{"line":1107,"column":0},"end":{"line":1107,"column":13}},"1107":{"start":{"line":1108,"column":0},"end":{"line":1108,"column":44}},"1108":{"start":{"line":1109,"column":0},"end":{"line":1109,"column":48}},"1109":{"start":{"line":1110,"column":0},"end":{"line":1110,"column":48}},"1110":{"start":{"line":1111,"column":0},"end":{"line":1111,"column":48}},"1111":{"start":{"line":1112,"column":0},"end":{"line":1112,"column":29}},"1112":{"start":{"line":1113,"column":0},"end":{"line":1113,"column":14}},"1113":{"start":{"line":1114,"column":0},"end":{"line":1114,"column":0}},"1114":{"start":{"line":1115,"column":0},"end":{"line":1115,"column":0}},"1115":{"start":{"line":1116,"column":0},"end":{"line":1116,"column":80}},"1116":{"start":{"line":1117,"column":0},"end":{"line":1117,"column":69}},"1117":{"start":{"line":1118,"column":0},"end":{"line":1118,"column":9}},"1118":{"start":{"line":1119,"column":0},"end":{"line":1119,"column":33}},"1119":{"start":{"line":1120,"column":0},"end":{"line":1120,"column":0}},"1120":{"start":{"line":1121,"column":0},"end":{"line":1121,"column":26}},"1121":{"start":{"line":1122,"column":0},"end":{"line":1122,"column":5}},"1122":{"start":{"line":1123,"column":0},"end":{"line":1123,"column":0}},"1123":{"start":{"line":1124,"column":0},"end":{"line":1124,"column":51}},"1124":{"start":{"line":1125,"column":0},"end":{"line":1125,"column":38}},"1125":{"start":{"line":1126,"column":0},"end":{"line":1126,"column":32}},"1126":{"start":{"line":11
[...]
t":{"line":1205,"column":0},"end":{"line":1205,"column":30}},"1205":{"start":{"line":1206,"column":0},"end":{"line":1206,"column":23}},"1206":{"start":{"line":1207,"column":0},"end":{"line":1207,"column":15}},"1207":{"start":{"line":1208,"column":0},"end":{"line":1208,"column":3}},"1208":{"start":{"line":1209,"column":0},"end":{"line":1209,"column":18}},"1209":{"start":{"line":1210,"column":0},"end":{"line":1210,"column":54}},"1210":{"start":{"line":1211,"column":0},"end":{"line":1211,"column":22}},"1211":{"start":{"line":1212,"column":0},"end":{"line":1212,"column":32}},"1212":{"start":{"line":1213,"column":0},"end":{"line":1213,"column":32}},"1213":{"start":{"line":1214,"column":0},"end":{"line":1214,"column":25}},"1214":{"start":{"line":1215,"column":0},"end":{"line":1215,"column":17}},"1215":{"start":{"line":1216,"column":0},"end":{"line":1216,"column":1}},"1216":{"start":{"line":1217,"column":0},"end":{"line":1217,"column":18}},"1217":{"start":{"line":1218,"column":0},"end":{"line":1218,"column":39}},"1218":{"start":{"line":1219,"column":0},"end":{"line":1219,"column":24}},"1219":{"start":{"line":1220,"column":0},"end":{"line":1220,"column":32}},"1220":{"start":{"line":1221,"column":0},"end":{"line":1221,"column":32}},"1221":{"start":{"line":1222,"column":0},"end":{"line":1222,"column":25}},"1222":{"start":{"line":1223,"column":0},"end":{"line":1223,"column":17}},"1223":{"start":{"line":1224,"column":0},"end":{"line":1224,"column":1}},"1224":{"start":{"line":1225,"column":0},"end":{"line":1225,"column":20}},"1225":{"start":{"line":1226,"column":0},"end":{"line":1226,"column":30}},"1226":{"start":{"line":1227,"column":0},"end":{"line":1227,"column":28}},"1227":{"start":{"line":1228,"column":0},"end":{"line":1228,"column":32}},"1228":{"start":{"line":1229,"column":0},"end":{"line":1229,"column":32}},"1229":{"start":{"line":1230,"column":0},"end":{"line":1230,"column":25}},"1230":{"start":{"line":1231,"column":0},"end":{"line":1231,"column":17}},"1231":{"start":{"line":1232,"column":0},"end":{"line":1232,"column":1}},"1232":{"start":{"line":1233,"column":0},"end":{"line":1233,"column":51}},"1233":{"start":{"line":1234,"column":0},"end":{"line":1234,"column":0}},"1234":{"start":{"line":1235,"column":0},"end":{"line":1235,"column":24}},"1235":{"start":{"line":1236,"column":0},"end":{"line":1236,"column":17}},"1236":{"start":{"line":1237,"column":0},"end":{"line":1237,"column":97}},"1237":{"start":{"line":1238,"column":0},"end":{"line":1238,"column":34}},"1238":{"start":{"line":1239,"column":0},"end":{"line":1239,"column":52}},"1239":{"start":{"line":1240,"column":0},"end":{"line":1240,"column":52}},"1240":{"start":{"line":1241,"column":0},"end":{"line":1241,"column":35}},"1241":{"start":{"line":1242,"column":0},"end":{"line":1242,"column":23}},"1242":{"start":{"line":1243,"column":0},"end":{"line":1243,"column":1}},"1243":{"start":{"line":1244,"column":0},"end":{"line":1244,"column":0}},"1244":{"start":{"line":1245,"column":0},"end":{"line":1245,"column":17}},"1245":{"start":{"line":1246,"column":0},"end":{"line":1246,"column":97}},"1246":{"start":{"line":1247,"column":0},"end":{"line":1247,"column":34}},"1247":{"start":{"line":1248,"column":0},"end":{"line":1248,"column":52}},"1248":{"start":{"line":1249,"column":0},"end":{"line":1249,"column":52}},"1249":{"start":{"line":1250,"column":0},"end":{"line":1250,"column":35}},"1250":{"start":{"line":1251,"column":0},"end":{"line":1251,"column":23}},"1251":{"start":{"line":1252,"column":0},"end":{"line":1252,"column":1}},"1252":{"start":{"line":1253,"column":0},"end":{"line":1253,"column":0}},"1253":{"start":{"line":1254,"column":0},"end":{"line":1254,"column":21}},"1254":{"start":{"line":1255,"column":0},"end":{"line":1255,"column":106}},"1255":{"start":{"line":1256,"column":0},"end":{"line":1256,"column":34}},"1256":{"start":{"line":1257,"column":0},"end":{"line":1257,"column":52}},"1257":{"start":{"line":1258,"column":0},"end":{"line":1258,"column":52}},"1258":{"start":{"line":1259,"column":0},"end":{"line":1259,"column":35}},"1259":{"start":{"line":1260,"column":0},"end":{"line":1260,"column":23}},"1260":{"start":{"line":1261,"column":0},"end":{"line":1261,"column":1}},"1261":{"start":{"line":1262,"column":0},"end":{"line":1262,"column":0}},"1262":{"start":{"line":1263,"column":0},"end":{"line":1263,"column":61}},"1263":{"start":{"line":1264,"column":0},"end":{"line":1264,"column":0}},"1264":{"start":{"line":1265,"column":0},"end":{"line":1265,"column":22}},"1265":{"start":{"line":1266,"column":0},"end":{"line":1266,"column":39}},"1266":{"start":{"line":1267,"column":0},"end":{"line":1267,"column":26}},"1267":{"start":{"line":1268,"column":0},"end":{"line":1268,"column":1}},"1268":{"start":{"line":1269,"column":0},"end":{"line":1269,"column":0}},"1269":{"start":{"line":1270,"column":0},"end":{"line":1270,"column":46}}},"s":{"0":1,"1":1,"2":1,"3":1,"4":1,"5":1,"6":1,"7":1,"8":1,"9":0,"10":0,"11":0,"12":0,"13":0,"14":0,"15":0,"16":0,"17":0,"18":0,"19":0,"20":0,"21":0,"22":0,"23":0,"24":0,"25":0,"26":0,"27":0,"28":0,"29":0,"30":0,"31":0,"32":0,"33":0,"34":0,"35":0,"36":1,"37":1,"38":1,"39":1,"40":1,"41":1,"42":1,"43":1,"44":1,"45":1,"46":1,"47":1,"48":1,"49":1,"50":0,"51":0,"52":0,"53":0,"54":0,"55":0,"56":0,"57":0,"58":0,"59":0,"60":0,"61":0,"62":0,"63":0,"64":0,"65":0,"66":0,"67":0,"68":0,"69":0,"70":0,"71":0,"72":0,"73":0,"74":0,"75":0,"76":0,"77":0,"78":0,"79":0,"80":0,"81":0,"82":0,"83":0,"84":0,"85":0,"86":0,"87":0,"88":0,"89":0,"90":0,"91":0,"92":0,"93":0,"94":0,"95":0,"96":0,"97":0,"98":0,"99":0,"100":0,"101":0,"102":0,"103":0,"104":0,"105":0,"106":0,"107":0,"108":0,"109":0,"110":0,"111":0,"112":0,"113":0,"114":0,"115":0,"116":0,"117":0,"118":0,"119":0,"120":0,"121":0,"122":0,"123":0,"124":0,"125":0,"126":0,"127":0,"128":0,"129":0,"130":0,"131":0,"132":0,"133":0,"134":0,"135":0,"136":0,"137":0,"138":0,"139":0,"140":1,"141":1,"142":1,"143":0,"144":1,"145":1,"146":1,"147":0,"148":0,"149":0,"150":0,"151":0,"152":0,"153":1,"154":1,"155":0,"156":0,"157":0,"158":0,"159":0,"160":0,"161":0,"162":0,"163":0,"164":0,"165":0,"166":0,"167":0,"168":0,"169":0,"170":0,"171":0,"172":0,"173":0,"174":0,"175":0,"176":0,"177":0,"178":0,"179":0,"180":0,"181":0,"182":0,"183":0,"184":0,"185":0,"186":0,"187":0,"188":0,"189":0,"190":0,"191":0,"192":0,"193":0,"194":0,"195":0,"196":0,"197":0,"198":0,"199":0,"200":0,"201":0,"202":0,"203":0,"204":0,"205":0,"206":0,"207":0,"208":0,"209":0,"210":0,"211":0,"212":0,"213":0,"214":0,"215":0,"216":0,"217":0,"218":0,"219":0,"220":0,"221":0,"222":0,"223":0,"224":0,"225":0,"226":0,"227":0,"228":0,"229":0,"230":0,"231":0,"232":0,"233":0,"234":0,"235":0,"236":0,"237":0,"238":0,"239":0,"240":0,"241":0,"242":0,"243":0,"244":0,"245":0,"246":0,"247":0,"248":0,"249":0,"250":0,"251":0,"252":0,"253":0,"254":0,"255":0,"256":0,"257":0,"258":0,"259":0,"260":0,"261":0,"262":0,"263":0,"264":0,"265":0,"266":0,"267":0,"268":0,"269":0,"270":0,"271":0,"272":0,"273":0,"274":0,"275":0,"276":0,"277":0,"278":0,"279":0,"280":0,"281":0,"282":0,"283":0,"284":0,"285":0,"286":0,"287":0,"288":0,"289":1,"290":1,"291":0,"292":0,"293":0,"294":0,"295":0,"296":0,"297":0,"298":0,"299":0,"300":0,"301":0,"302":0,"303":0,"304":1,"305":1,"306":0,"307":0,"308":0,"309":0,"310":0,"311":0,"312":0,"313":0,"314":0,"315":0,"316":0,"317":0,"318":0,"319":0,"320":0,"321":0,"322":0,"323":0,"324":0,"325":0,"326":0,"327":0,"328":0,"329":0,"330":0,"331":0,"332":0,"333":0,"334":0,"335":0,"336":0,"337":0,"338":0,"339":0,"340":0,"341":0,"342":0,"343":0,"344":0,"345":0,"346":0,"347":0,"348":0,"349":0,"350":0,"351":0,"352":0,"353":1,"354":1,"355":0,"356":0,"357":0,"358":0,"359":0,"360":0,"361":0,"362":0,"363":0,"364":0,"365":0,"366":0,"367":0,"368":0,"369":0,"370":0,"371":0,"372":0,"373":0,"374":0,"375":0,"376":0,"377":0,"378":0,"379":0,"380":0,"381":0,"382":0,"383":0,"384":0,"385":0,"386":0,"387":0,"388":0,"389":0,"390":0,"391":0,"392":0,"393":0,"394":0,"395":0,"396":0,"397":0,"398":0,"399":0,"400":0,"401":0,"402":0,"403":0,"404":0,"405":0,"406":0,"407":0,"408":1,"409":1,"410":1,"411":0,"412":0,"413":0,"414":0,"415":0,"416":0,"417":0,"418":0,"419":0,"420":0,"421":0,"422":0,"423":0,"424":0,"425":0,"426":0,"427":0,"428":0,"429":0,"430":0,"431":0,"432":0,"433":0,"434":0,"435":0,"436":0,"437":0,"438":0,"439":0,"440":0,"441":0,"442":0,"443":0,"444":0,"445":0,"446":0,"447":0,"448":0,"449":0,"450":0,"451":0,"452":0,"453":0,"454":0,"455":0,"456":0,"457":0,"458":0,"459":0,"460":0,"461":0,"462":0,"463":0,"464":0,"465":0,"466":0,"467":0,"468":0,"469":0,"470":0,"471":0,"472":0,"473":0,"474":0,"475":0,"476":0,"477":0,"478":0,"479":0,"480":0,"481":0,"482":0,"483":0,"484":1,"485":1,"486":0,"487":0,"488":0,"489":0,"490":0,"491":0,"492":0,"493":0,"494":0,"495":0,"496":0,"497":0,"498":0,"499":0,"500":0,"501":0,"502":0,"503":0,"504":0,"505":0,"506":0,"507":0,"508":0,"509":0,"510":0,"511":0,"512":0,"513":0,"514":0,"515":0,"516":0,"517":0,"518":0,"519":0,"520":0,"521":0,"522":0,"523":0,"524":0,"525":0,"526":0,"527":0,"528":0,"529":0,"530":0,"531":1,"532":1,"533":1,"534":0,"535":0,"536":0,"537":0,"538":0,"539":0,"540":0,"541":0,"542":0,"543":0,"544":0,"545":0,"546":0,"547":1,"548":1,"549":0,"550":0,"551":0,"552":0,"553":0,"554":0,"555":0,"556":0,"557":0,"558":0,"559":0,"560":0,"561":1,"562":1,"563":1,"564":0,"565":0,"566":0,"567":0,"568":0,"569":0,"570":0,"571":0,"572":0,"573":0,"574":0,"575":0,"576":0,"577":0,"578":0,"579":0,"580":1,"581":1,"582":0,"583":0,"584":0,"585":0,"586":0,"587":0,"588":0,"589":0,"590":1,"591":1,"592":0,"593":0,"594":0,"595":0,"596":0,"597":0,"598":0,"599":0,"600":1,"601":1,"602":1,"603":0,"604":0,"605":0,"606":0,"607":0,"608":0,"609":0,"610":0,"611":1,"612":1,"613":1,"614":0,"615":0,"616":0,"617":0,"618":0,"619":0,"620":0,"621":0,"622":0,"623":0,"624":0,"625":0,"626":0,"627":0,"628":0,"629":0,"630":0,"631":0,"632":0,"633":0,"634":0,"635":0,"636":0,"637":0,"638":0,"639":0,"640":0,"641":0,"642":0,"643":0,"644":0,"645":0,"646":0,"647":0,"648":0,"649":0,"650":0,"651":0,"652":0,"653":0,"654":0,"655":0,"656":0,"657":0,"658":0,"659":0,"660":0,"661":0,"662":0,"663":0,"664":0,"665":0,"666":0,"667":0,"668":0,"669":0,"670":0,"671":0,"672":0,"673":0,"674":0,"675":0,"676":0,"677":0,"678":0,"679":0,"680":0,"681":0,"682":0,"683":0,"684":0,"685":0,"686":0,"687":0,"688":0,"689":0,"690":0,"691":0,"692":0,"693":0,"694":0,"695":0,"696":0,"697":0,"698":0,"699":0,"700":0,"701":0,"702":0,"703":0,"704":0,"705":0,"706":0,"707":0,"708":0,"709":0,"710":0,"711":0,"712":0,"713":0,"714":0,"715":0,"716":1,"717":1,"718":0,"719":0,"720":0,"721":0,"722":0,"723":0,"724":0,"725":0,"726":0,"727":0,"728":0,"729":0,"730":0,"731":0,"732":0,"733":0,"734":0,"735":0,"736":0,"737":0,"738":0,"739":0,"740":0,"741":0,"742":0,"743":0,"744":0,"745":0,"746":0,"747":0,"748":0,"749":0,"750":0,"751":0,"752":0,"753":0,"754":0,"755":0,"756":0,"757":0,"758":0,"759":0,"760":0,"761":0,"762":0,"763":0,"764":0,"765":0,"766":0,"767":0,"768":0,"769":0,"770":0,"771":0,"772":0,"773":0,"774":0,"775":0,"776":0,"777":0,"778":0,"779":0,"780":0,"781":0,"782":0,"783":0,"784":0,"785":0,"786":0,"787":0,"788":0,"789":0,"790":0,"791":0,"792":0,"793":0,"794":0,"795":0,"796":0,"797":0,"798":0,"799":0,"800":0,"801":0,"802":0,"803":0,"804":0,"805":0,"806":0,"807":0,"808":0,"809":0,"810":0,"811":0,"812":0,"813":0,"814":0,"815":0,"816":0,"817":0,"818":0,"819":0,"820":0,"821":0,"822":0,"823":0,"824":0,"825":0,"826":0,"827":0,"828":0,"829":0,"830":0,"831":0,"832":0,"833":0,"834":0,"835":0,"836":0,"837":0,"838":0,"839":0,"840":0,"841":0,"842":0,"843":0,"844":0,"845":0,"846":0,"847":0,"848":0,"849":0,"850":0,"851":0,"852":0,"853":0,"854":1,"855":1,"856":0,"857":0,"858":0,"859":0,"860":0,"861":0,"862":0,"863":0,"864":0,"865":0,"866":0,"867":0,"868":0,"869":0,"870":0,"871":0,"872":0,"873":0,"874":0,"875":0,"876":0,"877":0,"878":0,"879":0,"880":0,"881":0,"882":0,"883":0,"884":0,"885":0,"886":0,"887":0,"888":0,"889":0,"890":0,"891":0,"892":0,"893":0,"894":0,"895":0,"896":0,"897":0,"898":0,"899":0,"900":0,"901":0,"902":0,"903":0,"904":0,"905":0,"906":0,"907":0,"908":0,"909":0,"910":0,"911":0,"912":0,"913":0,"914":0,"915":0,"916":0,"917":0,"918":0,"919":0,"920":0,"921":0,"922":0,"923":0,"924":0,"925":0,"926":0,"927":0,"928":0,"929":0,"930":0,"931":0,"932":0,"933":0,"934":0,"935":0,"936":0,"937":0,"938":0,"939":0,"940":0,"941":0,"942":0,"943":0,"944":0,"945":0,"946":0,"947":0,"948":0,"949":0,"950":0,"951":0,"952":0,"953":0,"954":0,"955":0,"956":0,"957":0,"958":0,"959":0,"960":0,"961":1,"962":1,"963":0,"964":0,"965":0,"966":0,"967":0,"968":0,"969":0,"970":0,"971":0,"972":0,"973":0,"974":0,"975":0,"976":0,"977":0,"978":0,"979":0,"980":0,"981":0,"982":0,"983":0,"984":1,"985":1,"986":1,"987":0,"988":0,"989":0,"990":0,"991":0,"992":0,"993":0,"994":0,"995":0,"996":0,"997":0,"998":0,"999":0,"1000":0,"1001":0,"1002":0,"1003":1,"1004":1,"1005":0,"1006":0,"1007":0,"1008":0,"1009":0,"1010":0,"1011":0,"1012":0,"1013":0,"1014":0,"1015":0,"1016":0,"1017":0,"1018":0,"1019":0,"1020":0,"1021":0,"1022":0,"1023":0,"1024":0,"1025":0,"1026":0,"1027":0,"1028":0,"1029":0,"1030":0,"1031":0,"1032":0,"1033":0,"1034":0,"1035":0,"1036":0,"1037":0,"1038":0,"1039":0,"1040":0,"1041":0,"1042":0,"1043":0,"1044":0,"1045":0,"1046":0,"1047":0,"1048":0,"1049":0,"1050":0,"1051":0,"1052":0,"1053":0,"1054":0,"1055":0,"1056":0,"1057":0,"1058":0,"1059":0,"1060":0,"1061":0,"1062":0,"1063":0,"1064":0,"1065":0,"1066":0,"1067":0,"1068":0,"1069":0,"1070":0,"1071":0,"1072":0,"1073":0,"1074":0,"1075":0,"1076":0,"1077":0,"1078":0,"1079":0,"1080":0,"1081":0,"1082":0,"1083":0,"1084":0,"1085":0,"1086":0,"1087":0,"1088":0,"1089":0,"1090":0,"1091":0,"1092":0,"1093":0,"1094":0,"1095":0,"1096":0,"1097":0,"1098":0,"1099":0,"1100":0,"1101":0,"1102":0,"1103":0,"1104":0,"1105":0,"1106":0,"1107":0,"1108":0,"1109":0,"1110":0,"1111":0,"1112":0,"1113":0,"1114":0,"1115":0,"1116":0,"1117":0,"1118":0,"1119":0,"1120":0,"1121":0,"1122":1,"1123":1,"1124":1,"1125":0,"1126":0,"1127":0,"1128":0,"1129":0,"1130":0,"1131":0,"1132":0,"1133":0,"1134":0,"1135":0,"1136":0,"1137":0,"1138":0,"1139":0,"1140":0,"1141":1,"1142":1,"1143":1,"1144":1,"1145":1,"1146":1,"1147":1,"1148":1,"1149":1,"1150":1,"1151":0,"1152":0,"1153":0,"1154":0,"1155":0,"1156":0,"1157":0,"1158":0,"1159":0,"1160":0,"1161":0,"1162":0,"1163":0,"1164":0,"1165":0,"1166":1,"1167":1,"1168":1,"1169":1,"1170":1,"1171":1,"1172":1,"1173":1,"1174":1,"1175":1,"1176":1,"1177":1,"1178":1,"1179":1,"1180":1,"1181":1,"1182":1,"1183":1,"1184":1,"1185":1,"1186":1,"1187":1,"1188":1,"1189":1,"1190":1,"1191":1,"1192":1,"1193":1,"1194":1,"1195":1,"1196":1,"1197":1,"1198":1,"1199":1,"1200":1,"1201":1,"1202":1,"1203":1,"1204":1,"1205":1,"1206":1,"1207":1,"1208":1,"1209":1,"1210":1,"1211":1,"1212":1,"1213":1,"1214":1,"1215":1,"1216":1,"1217":1,"1218":1,"1219":1,"1220":1,"1221":1,"1222":1,"1223":1,"1224":1,"1225":1,"1226":1,"1227":1,"1228":1,"1229":1,"1230":1,"1231":1,"1232":1,"1233":1,"1234":1,"1235":1,"1236":1,"1237":1,"1238":1,"1239":1,"1240":1,"1241":1,"1242":1,"1243":1,"1244":1,"1245":1,"1246":1,"1247":1,"1248":1,"1249":1,"1250":1,"1251":1,"1252":1,"1253":1,"1254":1,"1255":1,"1256":1,"1257":1,"1258":1,"1259":1,"1260":1,"1261":1,"1262":1,"1263":1,"1264":1,"1265":1,"1266":1,"1267":1,"1268":1,"1269":1},"branchMap":{"0":{"type":"branch","line":38,"loc":{"start":{"line":38,"column":0},"end":{"line":1148,"column":1}},"locations":[{"start":{"line":38,"column":0},"end":{"line":1148,"column":1}}]}},"b":{"0":[1]},"fnMap":{"0":{"name":"onDeviceReady","decl":{"start":{"line":10,"column":0},"end":{"line":36,"column":1}},"loc":{"start":{"line":10,"column":0},"end":{"line":36,"column":1}},"line":10},"1":{"name":"FlightSearch","decl":{"start":{"line":38,"column":0},"end":{"line":1148,"column":1}},"loc":{"start":{"line":38,"column":0},"end":{"line":1148,"column":1}},"line":38},"2":{"name":"FlightSearch.autocomplete","decl":{"start":{"line":50,"column":24},"end":{"line":140,"column":5}},"loc":{"start":{"line":50,"column":24},"end":{"line":140,"column":5}},"line":50},"3":{"name":"convertString","decl":{"start":{"line":143,"column":4},"end":{"line":145,"column":5}},"loc":{"start":{"line":143,"column":4},"end":{"line":145,"column":5}},"line":143},"4":{"name":"addToLocationDictionary","decl":{"start":{"line":147,"column":4},"end":{"line":153,"column":5}},"loc":{"start":{"line":147,"column":4},"end":{"line":153,"column":5}},"line":147},"5":{"name":"FlightSearch.doCodes","decl":{"start":{"line":155,"column":19},"end":{"line":289,"column":5}},"loc":{"start":{"line":155,"column":19},"end":{"line":289,"column":5}},"line":155},"6":{"name":"FlightSearch.disableDate","decl":{"start":{"line":291,"column":23},"end":{"line":304,"column":5}},"loc":{"start":{"line":291,"column":23},"end":{"line":304,"column":5}},"line":291},"7":{"name":"makeModal","decl":{"start":{"line":306,"column":4},"end":{"line":353,"column":5}},"loc":{"start":{"line":306,"column":4},"end":{"line":353,"column":5}},"line":306},"8":{"name":"makeModalTable","decl":{"start":{"line":355,"column":4},"end":{"line":408,"column":5}},"loc":{"start":{"line":355,"column":4},"end":{"line":408,"column":5}},"line":355},"9":{"name":"createTableFromObjects","decl":{"start":{"line":411,"column":4},"end":{"line":484,"column":5}},"loc":{"start":{"line":411,"column":4},"end":{"line":484,"column":5}},"line":411},"10":{"name":"makeCells","decl":{"start":{"line":486,"column":4},"end":{"line":531,"column":5}},"loc":{"start":{"line":486,"column":4},"end":{"line":531,"column":5}},"line":486},"11":{"name":"convertNiceDate","decl":{"start":{"line":534,"column":4},"end":{"line":547,"column":5}},"loc":{"start":{"line":534,"column":4},"end":{"line":547,"column":5}},"line":534},"12":{"name":"convertDuration","decl":{"start":{"line":549,"column":4},"end":{"line":561,"column":5}},"loc":{"start":{"line":549,"column":4},"end":{"line":561,"column":5}},"line":549},"13":{"name":"activateCollapsibles","decl":{"start":{"line":564,"column":4},"end":{"line":580,"column":5}},"loc":{"start":{"line":564,"column":4},"end":{"line":580,"column":5}},"line":564},"14":{"name":"startLoader","decl":{"start":{"line":582,"column":4},"end":{"line":590,"column":5}},"loc":{"start":{"line":582,"column":4},"end":{"line":590,"column":5}},"line":582},"15":{"name":"stopLoader","decl":{"start":{"line":592,"column":4},"end":{"line":600,"column":5}},"loc":{"start":{"line":592,"column":4},"end":{"line":600,"column":5}},"line":592},"16":{"name":"updatePriceText","decl":{"start":{"line":603,"column":4},"end":{"line":611,"column":5}},"loc":{"start":{"line":603,"column":4},"end":{"line":611,"column":5}},"line":603},"17":{"name":"doSearch","decl":{"start":{"line":614,"column":4},"end":{"line":716,"column":5}},"loc":{"start":{"line":614,"column":4},"end":{"line":716,"column":5}},"line":614},"18":{"name":"doAnywhereSearch","decl":{"start":{"line":718,"column":4},"end":{"line":854,"column":5}},"loc":{"start":{"line":718,"column":4},"end":{"line":854,"column":5}},"line":718},"19":{"name":"processResults","decl":{"start":{"line":856,"column":4},"end":{"line":961,"column":5}},"loc":{"start":{"line":856,"column":4},"end":{"line":961,"column":5}},"line":856},"20":{"name":"makeCollapsible","decl":{"start":{"line":963,"column":4},"end":{"line":984,"column":5}},"loc":{"start":{"line":963,"column":4},"end":{"line":984,"column":5}},"line":963},"21":{"name":"displayTypeBool","decl":{"start":{"line":987,"column":4},"end":{"line":1003,"column":5}},"loc":{"start":{"line":987,"column":4},"end":{"line":1003,"column":5}},"line":987},"22":{"name":"buildCollapsibleList","decl":{"start":{"line":1005,"column":4},"end":{"line":1122,"column":5}},"loc":{"start":{"line":1005,"column":4},"end":{"line":1122,"column":5}},"line":1005},"23":{"name":"orderCollapsibles","decl":{"start":{"line":1125,"column":4},"end":{"line":1141,"column":5}},"loc":{"start":{"line":1125,"column":4},"end":{"line":1141,"column":5}},"line":1125}},"f":{"0":0,"1":1,"2":0,"3":0,"4":0,"5":0,"6":0,"7":0,"8":0,"9":0,"10":0,"11":0,"12":0,"13":0,"14":0,"15":0,"16":0,"17":0,"18":0,"19":0,"20":0,"21":0,"22":0,"23":0}}
}
